13:47:58,969 |-INFO in ch.qos.logback.core.model.processor.ModelInterpretationContext@363f6148 - value "INFO" substituted for "${LOGSLEVEL}"
fukuii-run-003  | 13:47:58,969 |-INFO in ch.qos.logback.classic.model.processor.RootLoggerModelHandler - Setting level of ROOT logger to INFO
fukuii-run-003  | 13:47:59,176 |-INFO in ch.qos.logback.core.model.processor.conditional.IfModelHandler - Condition [p("ASJSON").contains("true")] evaluated to false on line 80
fukuii-run-003  | 13:47:59,177 |-INFO in ch.qos.logback.core.model.processor.AppenderRefModelHandler - Attaching appender named [STDOUT] to Logger[ROOT]
fukuii-run-003  | 13:47:59,178 |-INFO in ch.qos.logback.core.model.processor.AppenderRefModelHandler - Attaching appender named [FILE] to Logger[ROOT]
fukuii-run-003  | 13:47:59,178 |-INFO in ch.qos.logback.core.model.processor.AppenderRefModelHandler - Attaching appender named [METRICS] to Logger[ROOT]
fukuii-run-003  | 13:47:59,178 |-INFO in ch.qos.logback.classic.model.processor.LoggerModelHandler - Setting level of logger [io.netty] to WARN
fukuii-run-003  | 13:47:59,178 |-INFO in ch.qos.logback.classic.model.processor.LoggerModelHandler - Setting level of logger [org.jupnp.QueueingThreadPoolExecutor] to WARN
fukuii-run-003  | 13:47:59,178 |-INFO in ch.qos.logback.classic.model.processor.LoggerModelHandler - Setting level of logger [org.jupnp.util.SpecificationViolationReporter] to ERROR
fukuii-run-003  | 13:47:59,178 |-INFO in ch.qos.logback.classic.model.processor.LoggerModelHandler - Setting level of logger [org.jupnp.protocol.RetrieveRemoteDescriptors] to ERROR
fukuii-run-003  | 13:47:59,178 |-INFO in ch.qos.logback.classic.model.processor.LoggerModelHandler - Setting level of logger [com.chipprbots.scalanet] to INFO
fukuii-run-003  | 13:47:59,178 |-INFO in ch.qos.logback.classic.model.processor.LoggerModelHandler - Setting level of logger [com.chipprbots.scalanet.peergroup.udp.StaticUDPPeerGroup] to INFO
fukuii-run-003  | 13:47:59,178 |-INFO in ch.qos.logback.classic.model.processor.LoggerModelHandler - Setting level of logger [com.chipprbots.scalanet.discovery.ethereum.v4.DiscoveryService] to INFO
fukuii-run-003  | 13:47:59,178 |-INFO in ch.qos.logback.classic.model.processor.LoggerModelHandler - Setting level of logger [com.chipprbots.ethereum.network] to INFO
fukuii-run-003  | 13:47:59,178 |-INFO in ch.qos.logback.classic.model.processor.LoggerModelHandler - Setting level of logger [com.chipprbots.ethereum.network.PeerActor] to INFO
fukuii-run-003  | 13:47:59,178 |-INFO in ch.qos.logback.classic.model.processor.LoggerModelHandler - Setting level of logger [com.chipprbots.ethereum.network.PeerManagerActor] to INFO
fukuii-run-003  | 13:47:59,178 |-INFO in ch.qos.logback.classic.model.processor.LoggerModelHandler - Setting level of logger [com.chipprbots.ethereum.network.EtcPeerManagerActor] to INFO
fukuii-run-003  | 13:47:59,178 |-INFO in ch.qos.logback.classic.model.processor.LoggerModelHandler - Setting level of logger [com.chipprbots.ethereum.network.ServerActor] to INFO
fukuii-run-003  | 13:47:59,179 |-INFO in ch.qos.logback.classic.model.processor.LoggerModelHandler - Setting level of logger [com.chipprbots.ethereum.network.KnownNodesManager] to INFO
fukuii-run-003  | 13:47:59,179 |-INFO in ch.qos.logback.classic.model.processor.LoggerModelHandler - Setting level of logger [com.chipprbots.ethereum.network.discovery] to INFO
fukuii-run-003  | 13:47:59,179 |-INFO in ch.qos.logback.classic.model.processor.LoggerModelHandler - Setting level of logger [com.chipprbots.ethereum.network.discovery.PeerDiscoveryManager] to INFO
fukuii-run-003  | 13:47:59,179 |-INFO in ch.qos.logback.classic.model.processor.LoggerModelHandler - Setting level of logger [com.chipprbots.ethereum.network.handshaker] to INFO
fukuii-run-003  | 13:47:59,179 |-INFO in ch.qos.logback.classic.model.processor.LoggerModelHandler - Setting level of logger [com.chipprbots.ethereum.network.handshaker.EtcHelloExchangeState] to INFO
fukuii-run-003  | 13:47:59,179 |-INFO in ch.qos.logback.classic.model.processor.LoggerModelHandler - Setting level of logger [com.chipprbots.ethereum.network.handshaker.EthNodeStatus64ExchangeState] to INFO
fukuii-run-003  | 13:47:59,179 |-INFO in ch.qos.logback.classic.model.processor.LoggerModelHandler - Setting level of logger [com.chipprbots.ethereum.network.handshaker.EtcForkBlockExchangeState] to INFO
fukuii-run-003  | 13:47:59,179 |-INFO in ch.qos.logback.classic.model.processor.LoggerModelHandler - Setting level of logger [com.chipprbots.ethereum.network.rlpx] to INFO
fukuii-run-003  | 13:47:59,179 |-INFO in ch.qos.logback.classic.model.processor.LoggerModelHandler - Setting level of logger [com.chipprbots.ethereum.network.rlpx.RLPxConnectionHandler] to INFO
fukuii-run-003  | 13:47:59,179 |-INFO in ch.qos.logback.classic.model.processor.LoggerModelHandler - Setting level of logger [com.chipprbots.ethereum.network.rlpx.FrameCodec] to INFO
fukuii-run-003  | 13:47:59,179 |-INFO in ch.qos.logback.classic.model.processor.LoggerModelHandler - Setting level of logger [com.chipprbots.ethereum.network.rlpx.MessageCodec] to INFO
fukuii-run-003  | 13:47:59,179 |-INFO in ch.qos.logback.classic.model.processor.LoggerModelHandler - Setting level of logger [com.chipprbots.ethereum.network.rlpx.AuthHandshaker] to INFO
fukuii-run-003  | 13:47:59,179 |-INFO in ch.qos.logback.classic.model.processor.LoggerModelHandler - Setting level of logger [com.chipprbots.ethereum.blockchain.sync] to INFO
fukuii-run-003  | 13:47:59,179 |-INFO in ch.qos.logback.classic.model.processor.LoggerModelHandler - Setting level of logger [com.chipprbots.ethereum.blockchain.sync.SyncController] to INFO
fukuii-run-003  | 13:47:59,179 |-INFO in ch.qos.logback.classic.model.processor.LoggerModelHandler - Setting level of logger [com.chipprbots.ethereum.blockchain.sync.AdaptiveSyncStrategy] to INFO
fukuii-run-003  | 13:47:59,179 |-INFO in ch.qos.logback.classic.model.processor.LoggerModelHandler - Setting level of logger [com.chipprbots.ethereum.blockchain.sync.PeerRequestHandler] to INFO
fukuii-run-003  | 13:47:59,179 |-INFO in ch.qos.logback.classic.model.processor.LoggerModelHandler - Setting level of logger [com.chipprbots.ethereum.blockchain.sync.PeersClient] to INFO
fukuii-run-003  | 13:47:59,179 |-INFO in ch.qos.logback.classic.model.processor.LoggerModelHandler - Setting level of logger [com.chipprbots.ethereum.blockchain.sync.PeerListSupportNg] to INFO
fukuii-run-003  | 13:47:59,179 |-INFO in ch.qos.logback.classic.model.processor.LoggerModelHandler - Setting level of logger [com.chipprbots.ethereum.blockchain.sync.Blacklist] to INFO
fukuii-run-003  | 13:47:59,179 |-INFO in ch.qos.logback.classic.model.processor.LoggerModelHandler - Setting level of logger [com.chipprbots.ethereum.blockchain.sync.BlockchainHostActor] to INFO
fukuii-run-003  | 13:47:59,179 |-INFO in ch.qos.logback.classic.model.processor.LoggerModelHandler - Setting level of logger [com.chipprbots.ethereum.blockchain.sync.fast] to INFO
fukuii-run-003  | 13:47:59,179 |-INFO in ch.qos.logback.classic.model.processor.LoggerModelHandler - Setting level of logger [com.chipprbots.ethereum.blockchain.sync.fast.FastSync] to INFO
fukuii-run-003  | 13:47:59,179 |-INFO in ch.qos.logback.classic.model.processor.LoggerModelHandler - Setting level of logger [com.chipprbots.ethereum.blockchain.sync.fast.PivotBlockSelector] to INFO
fukuii-run-003  | 13:47:59,179 |-INFO in ch.qos.logback.classic.model.processor.LoggerModelHandler - Setting level of logger [com.chipprbots.ethereum.blockchain.sync.fast.SyncStateScheduler] to INFO
fukuii-run-003  | 13:47:59,179 |-INFO in ch.qos.logback.classic.model.processor.LoggerModelHandler - Setting level of logger [com.chipprbots.ethereum.blockchain.sync.fast.SyncStateSchedulerActor] to INFO
fukuii-run-003  | 13:47:59,179 |-INFO in ch.qos.logback.classic.model.processor.LoggerModelHandler - Setting level of logger [com.chipprbots.ethereum.blockchain.sync.fast.FastSyncBranchResolverActor] to INFO
fukuii-run-003  | 13:47:59,180 |-INFO in ch.qos.logback.classic.model.processor.LoggerModelHandler - Setting level of logger [com.chipprbots.ethereum.blockchain.sync.fast.StateStorageActor] to INFO
fukuii-run-003  | 13:47:59,180 |-INFO in ch.qos.logback.classic.model.processor.LoggerModelHandler - Setting level of logger [com.chipprbots.ethereum.blockchain.sync.regular] to INFO
fukuii-run-003  | 13:47:59,180 |-INFO in ch.qos.logback.classic.model.processor.LoggerModelHandler - Setting level of logger [com.chipprbots.ethereum.blockchain.sync.regular.RegularSync] to INFO
fukuii-run-003  | 13:47:59,180 |-INFO in ch.qos.logback.classic.model.processor.LoggerModelHandler - Setting level of logger [com.chipprbots.ethereum.blockchain.sync.regular.BlockFetcher] to INFO
fukuii-run-003  | 13:47:59,180 |-INFO in ch.qos.logback.classic.model.processor.LoggerModelHandler - Setting level of logger [com.chipprbots.ethereum.blockchain.sync.regular.BlockImporter] to INFO
fukuii-run-003  | 13:47:59,180 |-INFO in ch.qos.logback.classic.model.processor.LoggerModelHandler - Setting level of logger [com.chipprbots.ethereum.blockchain.sync.regular.HeadersFetcher] to INFO
fukuii-run-003  | 13:47:59,180 |-INFO in ch.qos.logback.classic.model.processor.LoggerModelHandler - Setting level of logger [com.chipprbots.ethereum.blockchain.sync.regular.BodiesFetcher] to INFO
fukuii-run-003  | 13:47:59,180 |-INFO in ch.qos.logback.classic.model.processor.LoggerModelHandler - Setting level of logger [com.chipprbots.ethereum.blockchain.sync.regular.FetchRequest] to INFO
fukuii-run-003  | 13:47:59,180 |-INFO in ch.qos.logback.classic.model.processor.LoggerModelHandler - Setting level of logger [com.chipprbots.ethereum.blockchain.sync.snap] to INFO
fukuii-run-003  | 13:47:59,180 |-INFO in ch.qos.logback.classic.model.processor.LoggerModelHandler - Setting level of logger [com.chipprbots.ethereum.blockchain.sync.snap.SNAPSyncController] to INFO
fukuii-run-003  | 13:47:59,180 |-INFO in ch.qos.logback.classic.model.processor.LoggerModelHandler - Setting level of logger [com.chipprbots.ethereum.blockchain.sync.snap.AccountRangeDownloader] to INFO
fukuii-run-003  | 13:47:59,180 |-INFO in ch.qos.logback.classic.model.processor.LoggerModelHandler - Setting level of logger [com.chipprbots.ethereum.blockchain.sync.snap.StorageRangeDownloader] to INFO
fukuii-run-003  | 13:47:59,180 |-INFO in ch.qos.logback.classic.model.processor.LoggerModelHandler - Setting level of logger [com.chipprbots.ethereum.blockchain.sync.snap.TrieNodeHealer] to INFO
fukuii-run-003  | 13:47:59,180 |-INFO in ch.qos.logback.classic.model.processor.LoggerModelHandler - Setting level of logger [com.chipprbots.ethereum.blockchain.sync.snap.MerkleProofVerifier] to INFO
fukuii-run-003  | 13:47:59,180 |-INFO in ch.qos.logback.classic.model.processor.LoggerModelHandler - Setting level of logger [com.chipprbots.ethereum.ledger] to INFO
fukuii-run-003  | 13:47:59,180 |-INFO in ch.qos.logback.classic.model.processor.LoggerModelHandler - Setting level of logger [com.chipprbots.ethereum.ledger.BlockExecution] to INFO
fukuii-run-003  | 13:47:59,180 |-INFO in ch.qos.logback.classic.model.processor.LoggerModelHandler - Setting level of logger [com.chipprbots.ethereum.ledger.BlockPreparator] to INFO
fukuii-run-003  | 13:47:59,180 |-INFO in ch.qos.logback.classic.model.processor.LoggerModelHandler - Setting level of logger [com.chipprbots.ethereum.ledger.BlockQueue] to INFO
fukuii-run-003  | 13:47:59,180 |-INFO in ch.qos.logback.classic.model.processor.LoggerModelHandler - Setting level of logger [com.chipprbots.ethereum.ledger.BranchResolution] to INFO
fukuii-run-003  | 13:47:59,180 |-INFO in ch.qos.logback.classic.model.processor.LoggerModelHandler - Setting level of logger [com.chipprbots.ethereum.db] to INFO
fukuii-run-003  | 13:47:59,180 |-INFO in ch.qos.logback.classic.model.processor.LoggerModelHandler - Setting level of logger [com.chipprbots.ethereum.db.dataSource.RocksDbDataSource] to INFO
fukuii-run-003  | 13:47:59,180 |-INFO in ch.qos.logback.classic.model.processor.LoggerModelHandler - Setting level of logger [com.chipprbots.ethereum.db.storage.ReferenceCountNodeStorage] to INFO
fukuii-run-003  | 13:47:59,180 |-INFO in ch.qos.logback.classic.model.processor.LoggerModelHandler - Setting level of logger [com.chipprbots.ethereum.mpt] to INFO
fukuii-run-003  | 13:47:59,180 |-INFO in ch.qos.logback.classic.model.processor.LoggerModelHandler - Setting level of logger [com.chipprbots.ethereum.vm] to OFF
fukuii-run-003  | 13:47:59,180 |-INFO in ch.qos.logback.classic.model.processor.LoggerModelHandler - Setting level of logger [com.chipprbots.ethereum.vm.VM] to OFF
fukuii-run-003  | 13:47:59,180 |-INFO in ch.qos.logback.classic.model.processor.LoggerModelHandler - Setting level of logger [com.chipprbots.ethereum.extvm] to INFOfukuii-run-003  | 13:47:59,180 |-INFO in ch.qos.logback.classic.model.processor.LoggerModelHandler - Setting level of logger [com.chipprbots.ethereum.extvm.VMClient] to INFO
fukuii-run-003  | 13:47:59,180 |-INFO in ch.qos.logback.classic.model.processor.LoggerModelHandler - Setting level of logger [com.chipprbots.ethereum.consensus] to INFO
fukuii-run-003  | 13:47:59,180 |-INFO in ch.qos.logback.classic.model.processor.LoggerModelHandler - Setting level of logger [com.chipprbots.ethereum.consensus.pow.PoWMiningCoordinator] to INFO
fukuii-run-003  | 13:47:59,180 |-INFO in ch.qos.logback.classic.model.processor.LoggerModelHandler - Setting level of logger [com.chipprbots.ethereum.transactions] to INFO
fukuii-run-003  | 13:47:59,180 |-INFO in ch.qos.logback.classic.model.processor.LoggerModelHandler - Setting level of logger [com.chipprbots.ethereum.transactions.PendingTransactionsManager] to INFO
fukuii-run-003  | 13:47:59,180 |-INFO in ch.qos.logback.classic.model.processor.LoggerModelHandler - Setting level of logger [com.chipprbots.ethereum.transactions.TransactionHistoryService] to INFO
fukuii-run-003  | 13:47:59,180 |-INFO in ch.qos.logback.classic.model.processor.LoggerModelHandler - Setting level of logger [com.chipprbots.ethereum.jsonrpc] to INFO
fukuii-run-003  | 13:47:59,181 |-INFO in ch.qos.logback.classic.model.processor.LoggerModelHandler - Setting level of logger [com.chipprbots.ethereum.jsonrpc.JsonRpcController] to INFO
fukuii-run-003  | 13:47:59,181 |-INFO in ch.qos.logback.classic.model.processor.LoggerModelHandler - Setting level of logger [com.chipprbots.ethereum.jsonrpc.server.http] to INFO
fukuii-run-003  | 13:47:59,181 |-INFO in ch.qos.logback.classic.model.processor.LoggerModelHandler - Setting level of logger [com.chipprbots.ethereum.faucet] to INFO
fukuii-run-003  | 13:47:59,181 |-INFO in ch.qos.logback.classic.model.processor.LoggerModelHandler - Setting level of logger [com.chipprbots.ethereum.faucet.FaucetHandler] to INFO
fukuii-run-003  | 13:47:59,181 |-INFO in ch.qos.logback.classic.model.processor.LoggerModelHandler - Setting level of logger [com.chipprbots.ethereum.metrics] to INFO
fukuii-run-003  | 13:47:59,181 |-INFO in ch.qos.logback.classic.model.processor.LoggerModelHandler - Setting level of logger [com.chipprbots.ethereum.blockchain.data] to INFO
fukuii-run-003  | 13:47:59,181 |-INFO in ch.qos.logback.classic.model.processor.LoggerModelHandler - Setting level of logger [com.chipprbots.ethereum.blockchain.data.GenesisDataLoader] to INFO
fukuii-run-003  | 13:47:59,181 |-INFO in ch.qos.logback.classic.model.processor.LoggerModelHandler - Setting level of logger [com.chipprbots.ethereum.blockchain.data.BootstrapCheckpointLoader] to INFO
fukuii-run-003  | 13:47:59,181 |-INFO in ch.qos.logback.core.model.processor.DefaultProcessor@1b28f282 - End of configuration.
fukuii-run-003  | 13:47:59,182 |-INFO in ch.qos.logback.classic.joran.JoranConfigurator@138fe6ec - Registering current configuration as safe fallback point
fukuii-run-003  | 13:47:59,182 |-INFO in ch.qos.logback.classic.util.ContextInitializer@21ec5d87 - ch.qos.logback.classic.util.DefaultJoranConfigurator.configure() call lasted 897 milliseconds. ExecutionStatus=DO_NOT_INVOKE_NEXT_IF_ANY
fukuii-run-003  |
fukuii-run-003  | 2025-12-03 13:47:59,216 INFO  [com.chipprbots.ethereum.Fukuii$] - TUI disabled (use --tui flag to enable)
fukuii-run-003  |
fukuii-run-003  |
fukuii-run-003  |
fukuii-run-003  |
fukuii-run-003  |
fukuii-run-003  |
fukuii-run-003  |                                                             ›ízzzzzí›
fukuii-run-003  |                                                          ›zzzzzízzzzzzz›
fukuii-run-003  |                                                       —ízzzízzzzzÏ6zzzzzzz—
fukuii-run-003  |                                                    —zzzzzzzzzzízzÏÅgÅGzzzzzzz—
fukuii-run-003  |                                    6ÆÅgggÆg     {zzzzzzízzzzízzzzzz6Å6ÆÏzzzzzzzí—
fukuii-run-003  |                                  ÆÏ ›í———{—{GÅÏzzzzízzzzzzzzzzzíízzzÏÆüÆüzzzízzzzzz{
fukuii-run-003  |                                üÅ ————{—{{—{——GgzzzzzzzzzíízzzzzzzzzzügüÅíízzzzzzzzzzí{
fukuii-run-003  |                                Æ›{{{—züÞÇüz{í{{6ÅzzzzzzzzzzzzízzzzzzzzgÇGÞzzzzzzzzzzzzzízz
fukuii-run-003  |                               6Þ———{zÅüzz6Æüí———ÞÞzzzzzzzzzzízzííízzzz6G6gzzzzízzzzzzzzzzzzzíÇÅÅÇügÅÆÆ{
fukuii-run-003  |                               ÆííízzüÆzzzzzÅ6{——{Æzzzzzzzzzzzzzíízzzzíüg6gzzzzzzzzz{ízzzízGÅÇ6gÅ6
fukuii-run-003  |                              Æg ›————ÞÆzzzzGGí{—{Åüzzzzzízzízzzízzízzz6G6gzzzzzzízzzzzzzÆgÏÅÅzzzzzz
fukuii-run-003  |                          ÏÆG— ————————6ÅzzíGG{———Åüzzzzí{ízzzzzzzzzzzíGÞÞGzzzzzzzzzzzzÅGÏÅÞzzzzízzzzzí
fukuii-run-003  |                        —Åí›—————{—{{———ÅÇzzgÇ{—{íÆzzzzzíízzzízízzzzízzÆÏÅüzzí{{zzzzzÞÅÏÅÞzzzzzzzzzzízzzzz
fukuii-run-003  |                      zÏÅ —6Ç————{—Åz{——6gzÏÆí———G6zzízzízzzzzzzÏ6ÇÞÞÇGg6gzzzzzzzízÏÆüÞÅzzzzzzzízzzzzzzízzzzz
fukuii-run-003  |                  ›zízzÅ6›{ÆÆ—{———{ÇÆ{——gÞíÅü———ÏÅzzzzzzzzzGÅÆGÏg—››››——íGÆÆÅGzzzzÇÅüÅÏzízzízzzzzzízzízzízzzzzzz—
fukuii-run-003  |                 zzzzzzÆ6—————{—{—z————{ÆÏÏÆÏíí{g6zzzzzÏgÆÇ——{ÞÏ{í{í{{íÏí{{—›—6ÅÅÅÞÞgzzzzzzzzzzzízzzzzzzzzzzzzzzzz
fukuii-run-003  |                 zzzzzzüÅ—{——{ÆÆÅGÆí——{ÅÏzGÞí———gÇzízÏÅÅ{—ízzgí{íííí{› ›{ííííí{zÆüÆÆ6zzzzzzzzízí{{zízzzzzzzízzzzzz
fukuii-run-003  |                 zzzzzzíüÆÏ———{ÅÇÅ{{—GÆzízÞGÏ——{{ÅÇígÅ{{zzzÏGííí{íí{—  {í{ííííÇÅüÆüíGÆ6zízzzzzzzíízzzzzzzzzzzzzzzz
fukuii-run-003  |                 zzzzízzzz6ÅÅÇÏÏÏ6GÆGzízzzzÆüü{—{—ÏgÆÆÅÇzzzígíííí{{{{  ››››{íüÞÆGüz{ííÆgzzzzzzzzzzzzzzzízízzzzzzzz
fukuii-run-003  |                 zzzzzzzzzzzzzzzzzzzzzzzízzüÆüÏ{—í{——{zg6zzzzÞíí{   — ›—›—{{íízzí{{í{{íÆGzzízízzzzzzzzzzzzzzzízzzz
fukuii-run-003  |                 zzzzzzzzzzzzzzzzízzzzzzzzzzzGÅ6ÏÏzíííüÆÏzzzGíí{{—›— ›{ííííí{í{íííííí{{íÆÏzzzzzzzzzzzzízzzzzzzzzzz
fukuii-run-003  |                 zízzzzzzzzzízzízzzzzzzzzzzzízzüÅÆGÇ6ggÏzzzÏ6í{   › ›{ííí{{ííÞG6ÏzÏÇÅÞí{ÆÅzzzzízzzzzzzzzízzzzzzzzz
fukuii-run-003  |                 zzzzíííí{zzzzzzzzzzzíízí{ízzzííÅ6zzzÏGÆgÏzÇíí{í{{› {{{{{ííÏíííí{íí{í{gÞ6Åzzzzzz{{zzzzzzzzzzzzzzzz
fukuii-run-003  |                 zzzzzzzzzzízzzzzzzzzzzzzízzzízGÅízÏÅÆÆÆÆÆÅÏíí{í{—    ›{ííííÏGgÅgÇ{íí{íÞÅÅzzzzízzzzzzzzzzzzzzzzzzz
fukuii-run-003  |                 zzzzzzzzzzzzzízzí{zzzzzzzzzzzzÆízÏÆÆÆÆ6  üÆÞ{ííí{ ›{{íííííGÆgÅÆÆÆÆÆG{í{íÆgzzzzzzzzzzzzzízzízzzzzzz
fukuii-run-003  |                 zízzízzzzzzzzzzízízzzzízzíízz6Æ{zgÆÆÆ{  gÆg{í{{{›{ííí{íÏÆÞ   6ÆÆÆÅgGí{{ÅGzíízzzzzzzízzzzíííízzzzz
fukuii-run-003  |                 zzzzzzzzízzzzízzzzzzízzzzízzzÇÆ—zÆÆÆÆÆÆÆÆÆÞí{íí{íííííízÆÆ6   ÆÆÆÆÅGg{í{ÆGzzzzízzzzzzzzzzzzízzzzzz
fukuii-run-003  |                 zzzzzzízzzzzzzííüÇÞ6zzzzzzzzz6Æ{zÅÅÆÆÆÆÆÆÆÏíí{íííí{{{íÇÆÆÆÆÆÆÆÆÆÆGGg{{íÆüízzzzízzzzzzzízzzzzzzzíz
fukuii-run-003  |                 zzzízzzzízzzzgÆÆÆz››gÆüzzzzzzzÅzzÇÆgÆÆÆÞÆÇ{{{{ííí{íí{íÞÆÆÆÆÆÆÆÆÆgÞÅüí{ÞÅzzzzzííízzízzzzzzízzízzzz
fukuii-run-003  |                 zízzzízzzíÏÅÅí›{ííÅí{›ÅÅzzízzz6ÆÏz6ÆÅgÅÆÏííííí{íííí{í{6ÆÆÆÆÆÆGÅGÞÅÞííÏÆzzzzízzzzzzzzzzzzzzzzzzzzz
fukuii-run-003  |                 zzzzzzzízÅÅ››í{{íí6Ïí{—GÆzzzzzzÇÆ6zzzGííííííí{íí{í{ííí{GÅgÅÅgÞÞGÅü{í6Æüzzzzzzzzzzzzzízzzzzzzzzízz
fukuii-run-003  |                 zzzzzzíÏÆz›íí{í{{íÏ6ííí{GÆzízzzzzÅÆ6ÞÏííí{Þgü{{zÇÅÅÞíí{íígÆÆÆÆGí{{ÏgÅzzzzzzzzzzzízízzzzízzzzzzízz
fukuii-run-003  |                 zzzzzz6Å—›{íí{íí{íÅGíííííggzzízzzzzüÅÞíííízÅGÅG666ÇGííííííí{{íízüÞÆÇzzzzzzzzÞgGzzzzzzízíízzzzzzzz
fukuii-run-003  |                 zzzzzüÅ››ííí{íí{íÅÅüí{í{í{Å6zzzízzzzzÅgí{í{ÇgÏÏÏÏÏÅí{íí{zÏÏüüüÇÅÅÇzzzzzzzzÅÅ{zÆzízzzzzz{{zzzzzzzz
fukuii-run-003  |                 zzzzzÆz›íí{{{íííÅÆgüz{íííííÆÏzzízzzzzzÞÆÇííízÅÆÆÅüí{{ízüüGÅÆÆÅüzzzzzzzzzÅÆ—zügÅzzzzzízízzzzzzzzzz
fukuii-run-003  |                 zzízGg›{{ííí{íÅgzÇÆüüíí{{{{6Æzzzí{ízzzzzÇÆÅÞüí{íízzÏüÇgÆÅÅgzzzzzzzzzzzÇÅííüüüÅzzzzíízzzzzzzzzzzzz
fukuii-run-003  |                 zzzzÆz—{í{{íÏüÆ6íÞÆüüí{íííí{gGzzzzzzzzí6ÆÅÆÅÞgÆÅÅÅÅÅgGGGGÆgÞÞÅÅzzzzzzÆG{üüüüGÆzzzzízzzzzzízzzzzzz
fukuii-run-003  |                 zzzÏÅ›í{íí{6GÅÅGÏÆüüüüí{{{íí{ÅÏzzzzzízgGÇggÏüüÆÆÅgGggÅÆÅGüü6ÇÇGgzzzÏÆzzüüüüüÆzzzzzzzzííízízzzzzzz
fukuii-run-003  |                 zzzÏÅ›íííüÆüÏzzízzÅÅüüÏíííííí6ÆzzzzÇÅÅÆÇÇÆíííÏÞgÞGGÞGÅGüüÏÇÆGGÆgzzÇÅ{Ïüüüü6ÅgzzzzzzzGÆüÅÏzzzzzzzz
fukuii-run-003  |                 zzzÏÆ›{{zÅzzízzzízÆÅ6üüz{íííííg6GÆgzüüÆÞgÞíí{ííGzüüíííí{{ÏÅ6Ïz6ÆzÞÅ{üüüüÇÇÞÅzzízíÏÅg—›{Åüzzzzzzíz
fukuii-run-003  |                 zzzzÆGííÆÞzzzízzzíÅgüüüüÏ{{í{í6ÆÏ{{ízüügÆü{í{{Þ{í{íí{ííííÆÇ66ÅÆÆgÅzüüüÇÇÇÇÆzzzzÅÆ6Åg{{íÅzzízzzzzz
fukuii-run-003  |                 zzzzzÆzzÅízízzzízzzzÞÆGüüüzíí{6ÇÅzÏüüGÆÞÅüííízÇ{ííí{ííí{ÏÆGÞg{ízÆ6üü6ÇÇÇÇÆüügÆ6››—{íÞÞÏÆzzzz{ízzz
fukuii-run-003  |                 zízzzÏÆÇÅzzízzzzízzzzíGÆÇüüüü6ÅüÆ6ÅÆGzzzÞgíí{Çz{ííííí{{zÅÇgÆÅÏ{ízÆÇ6ÇÇÇÞÆÆgí››ÏÆííí{{6ÆGízzzzzzzz
fukuii-run-003  |                 zzzízízgÆzzzízzzzzzzzzzzÏÅÆÅÅggÆÅüzzzzzzzÇÅ6zGz{ííí{í{ÞGÇÇÞÅggÏíízÆÅÆÆÇ—››—{í{ííÞÞíííüÆzzzzzzzzzz
fukuii-run-003  |                 zzzzzzzzzzzzzzí{ízzzízzzzzzzzízzzzzzzízzzzüÆÇÇÇGÅgÞGÅGÇÇÇGÅÇÇgÅüÏízÆz{ízÇzííí{íí{6ÞÏüÅÇzzzzzzzzzz
fukuii-run-003  |                   ízzzzízzzzzzzzzzíízzzzzzzzzzzÏÅÅÆgzzzízzzggÇÇÇÇÇÇÅÇÇÇÇÆÅGÇÇÇÞÆÅGgÅÅ{{íííÇí{{ííí{ÅüÅÅzzzzzzzzí
fukuii-run-003  |                      zzzzzzzzzzígÆÆÆÆÆÆÆÆÆÆÆÆÆÆÆÆÅÅÆÆÆÆÆÆÆÆÆÆÆÆgÆÆÆÆÆÆÆÆÆÆÆÆÅÆÆÆÆÆÆÆÆÆÆÆÆÆÆÆÆÆÆÆüüGÅÅzzzzzzí
fukuii-run-003  |                         {zzízzzzÆÅ         Æ—   gÆÆÆ   zÆÇ   ÇÆÆü    Æg   ›ÆÆÆÏ   ÆÆÇ   ÆÆÅ   zÆÆüÅgzzzz{
fukuii-run-003  |                            ízzízÆÅ        ›Æ—   gÆÆÆ   zÆÇ   ÇÆz   ›ÆÆg   ›ÆÆÆÏ   ÆÆÇ   ÆÆÅ   zÆÆÆÞzzí
fukuii-run-003  |                               ízÆÅ   GÆÆÆÆÆÆ—   gÆÆÆ   zÆÇ   Ç{   {ÆÆÆg   ›ÆÆÆÏ   ÆÆÇ   ÆÆÅ   zÆÆzí
fukuii-run-003  |                                 ÆÅ   —íí{ÏÆÆ—   gÆÆÆ   zÆÇ       zÆÆÆÆg   ›ÆÆÆÏ   ÆÆÇ   ÆÆÅ   ÏÆÆ
fukuii-run-003  |                                 ÆÅ        ÆÆ—   gÆÆÆ   zÆÇ       6ÆÆÆÆg   ›ÆÆÆÏ   ÆÆÇ   ÆÆÅ   zÆÆ
fukuii-run-003  |                                 ÆÅ   GÅÅÅÅÆÆ—   gÆÆÆ   zÆÇ   6    ÏÆÆÆg   ›ÆÆÆÏ   ÆÆÇ   ÆÆÅ   zÆÆ
fukuii-run-003  |                                 ÆÅ   GÆÅÏÏGÆÏ   zÆÆz   6ÆÇ   ÇÆ    íÆÆÆ    GÆg    ÆÆÇ   ÆÆÅ   zÆÆ
fukuii-run-003  |                                 ÆÅ   GÆg   ÆÆ         —ÆÆÇ   ÇÆÆ›   ›ÆÆÇ         GÆÆÇ   ÆÆÅ   zÆÆ
fukuii-run-003  |                                 ÆÆGGGÅÆÏ    ÅÆÆGÇÏÏÇGÆÆÆÆÆÞÞGÅÆÆÆGGGGÅÆÆÆgÞüÏüÞÅÆÆÆÆÅGGGÆÆÆGGGÆÆÅ
fukuii-run-003  |                                  í666ü        zÇGggggÞzzzÞGGGGÏzüGÆGGGÞÇüGgÅÅgG6—   z666Ï —ü66ü›
fukuii-run-003  |                                                       —zzzzzzzzzzzÆíí6gzzz—
fukuii-run-003  |                                                           zzzzzzzzgÇÏÆÏ›
fukuii-run-003  |                                                              ízzzzzÅÅÞ
fukuii-run-003  |
fukuii-run-003  |
fukuii-run-003  |
fukuii-run-003  |
fukuii-run-003  |
fukuii-run-003  | 2025-12-03 13:48:00,048 INFO  [c.c.e.d.d.RocksDbDataSource$] - Successfully opened RocksDB at path: /home/fukuii/.fukuii/etc/rocksdb/ with 13 column family handles
fukuii-run-003  | 2025-12-03 13:48:00,273 INFO  [o.a.pekko.event.slf4j.Slf4jLogger] - Slf4jLogger started
fukuii-run-003  | 2025-12-03 13:48:00,908 INFO  [com.chipprbots.ethereum.Fukuii$] - Fukuii app fukuii/v0.1.99-20f314a/linux-amd64/eclipseadoptium-openjdk64bitservervm-java-21.0.9
fukuii-run-003  | 2025-12-03 13:48:00,908 INFO  [com.chipprbots.ethereum.Fukuii$] - Using network etc
fukuii-run-003  | 2025-12-03 13:48:00,927 INFO  [c.c.ethereum.nodebuilder.StdNode] - Metrics started
fukuii-run-003  | 2025-12-03 13:48:00,937 INFO  [c.c.e.b.data.GenesisDataLoader] - Using default genesis data
fukuii-run-003  | 2025-12-03 13:48:02,322 INFO  [c.c.e.b.data.GenesisDataLoader] - Genesis data successfully loaded
fukuii-run-003  | 2025-12-03 13:48:02,323 INFO  [c.c.e.b.d.BootstrapCheckpointLoader] - Blockchain already has blocks (best block: 12214), skipping bootstrap checkpoint loading
fukuii-run-003  | 2025-12-03 13:48:02,458 INFO  [c.c.ethereum.network.PortForwarder$] - Attempting port forwarding for TCP ports List(9076) and UDP ports List(30303)
fukuii-run-003  | 2025-12-03 13:48:02,470 INFO  [c.c.ethereum.nodebuilder.VmSetup$] - Using Fukuii internal VM
fukuii-run-003  | 2025-12-03 13:48:02,476 INFO  [c.c.ethereum.nodebuilder.StdNode] - Using 'pow' mining protocol [com.chipprbots.ethereum.consensus.pow.PoWMining]
fukuii-run-003  | 2025-12-03 13:48:02,475 INFO  [c.c.ethereum.network.ServerActor] - Listening on /[0:0:0:0:0:0:0:0]:9076
fukuii-run-003  | 2025-12-03 13:48:02,477 INFO  [c.c.ethereum.network.ServerActor] - Node address: enode://079fac30c331713a0d533baedcd4e2d009b63b287914a59bb6b444c49d35bca40c091096f376f37916d6f608a1d437254dd837336a3cc6ec8d8acf8ef1ff9c7e@[0:0:0:0:0:0:0:0]:9076
fukuii-run-003  | 2025-12-03 13:48:02,505 INFO  [c.c.ethereum.consensus.pow.PoWMining] - Not starting any miner actor because mining is disabled
fukuii-run-003  | 2025-12-03 13:48:02,511 INFO  [c.c.e.n.d.PeerDiscoveryManager] - Starting peer discovery...
fukuii-run-003  | 2025-12-03 13:48:02,529 INFO  [c.c.e.blockchain.sync.SyncController] - Starting SNAP sync mode
fukuii-run-003  | 2025-12-03 13:48:02,547 INFO  [org.jupnp.UpnpServiceImpl] - Starting UPnP service...
fukuii-run-003  | 2025-12-03 13:48:02,558 INFO  [c.c.e.network.EtcPeerManagerActor] - Registering SNAPSyncController for message routing
fukuii-run-003  | 2025-12-03 13:48:02,575 INFO  [c.c.e.b.sync.snap.SNAPSyncController] - SNAP Sync Controller initialized
fukuii-run-003  | 2025-12-03 13:48:02,582 INFO  [c.c.e.b.sync.snap.SNAPSyncController] - Starting SNAP sync...
fukuii-run-003  | 2025-12-03 13:48:02,633 INFO  [c.c.e.b.sync.snap.SNAPSyncController] - SNAP sync pivot block: 11190, state root: 1a8e3482f2627217000275dd24538227661b092967292876442736770e16e379
fukuii-run-003  | 2025-12-03 13:48:02,633 INFO  [c.c.e.b.sync.snap.SNAPSyncController] - Starting account range sync with concurrency 16
fukuii-run-003  | 2025-12-03 13:48:02,645 INFO  [o.apache.pekko.actor.LocalActorRef] - Message [org.apache.pekko.io.Tcp$Write] from Actor[pekko://fukuii_system/user/peer-manager/64.225.0.245:30303/rlpx-connection#-928451051] to Actor[pekko://fukuii_system/system/IO-TCP/selectors/$a/0#17036205] was not delivered. [1] dead letters encountered. If this is not an expected behavior then Actor[pekko://fukuii_system/system/IO-TCP/selectors/$a/0#17036205] may have terminated unexpectedly. This logging can be turned off or adjusted with configuration settings 'pekko.log-dead-letters' and 'pekko.log-dead-letters-during-shutdown'.
fukuii-run-003  | 2025-12-03 13:48:02,646 INFO  [o.apache.pekko.actor.LocalActorRef] - Message [org.apache.pekko.io.Tcp$Write] from Actor[pekko://fukuii_system/user/peer-manager/164.90.144.106:30303/rlpx-connection#-781951998] to Actor[pekko://fukuii_system/system/IO-TCP/selectors/$a/1#932628377] was not delivered. [2] dead letters encountered. If this is not an expected behavior then Actor[pekko://fukuii_system/system/IO-TCP/selectors/$a/1#932628377] may have terminated unexpectedly. This logging can be turned off or adjusted with configuration settings 'pekko.log-dead-letters' and 'pekko.log-dead-letters-during-shutdown'.
fukuii-run-003  | 2025-12-03 13:48:02,648 INFO  [c.c.e.b.s.s.AccountRangeDownloader] - Loading existing state trie with root 1a8e3482f2627217...
fukuii-run-003  | 2025-12-03 13:48:02,649 INFO  [c.c.e.b.s.snap.SyncProgressMonitor] - 📊 SNAP Sync phase transition: Idle → AccountRangeSync
fukuii-run-003  | 2025-12-03 13:48:02,655 INFO  [c.c.e.b.s.snap.SyncProgressMonitor] - 📈 SNAP Sync Progress: phase=AccountRange, accounts=0@0/s, elapsed=0s
fukuii-run-003  | 2025-12-03 13:48:02,907 INFO  [c.c.ethereum.network.PortForwarder$] - UPnP port forwarding initialized successfully
fukuii-run-003  | 2025-12-03 13:48:02,912 INFO  [c.c.s.p.udp.StaticUDPPeerGroup] - Initializing UDP server, waiting for bind to complete...
fukuii-run-003  | 2025-12-03 13:48:02,985 INFO  [c.c.s.p.udp.StaticUDPPeerGroup] - Server bound to address /0.0.0.0:30303. Channel state: isOpen=true, isActive=true, isRegistered=true
fukuii-run-003  | 2025-12-03 13:48:03,259 INFO  [c.c.e.j.s.h.InsecureJsonRpcHttpServer] - JSON RPC HTTP server listening on /127.0.0.1:8546
fukuii-run-003  | 2025-12-03 13:48:12,649 INFO  [o.apache.pekko.actor.LocalActorRef] - Message [com.chipprbots.ethereum.network.rlpx.RLPxConnectionHandler$AuthHandshakeTimeout$] from Actor[pekko://fukuii_system/user/peer-manager/157.245.77.211:30303/rlpx-connection#997243397] to Actor[pekko://fukuii_system/user/peer-manager/157.245.77.211:30303/rlpx-connection#997243397] was not delivered. [3] dead letters encountered. If this is not an expected behavior then Actor[pekko://fukuii_system/user/peer-manager/157.245.77.211:30303/rlpx-connection#997243397] may have terminated unexpectedly. This logging can be turned off or adjusted with configuration settings 'pekko.log-dead-letters' and 'pekko.log-dead-letters-during-shutdown'.
fukuii-run-003  | 2025-12-03 13:48:12,659 INFO  [o.apache.pekko.actor.LocalActorRef] - Message [com.chipprbots.ethereum.network.rlpx.RLPxConnectionHandler$AuthHandshakeTimeout$] from Actor[pekko://fukuii_system/user/peer-manager/64.225.0.245:30303/rlpx-connection#-928451051] to Actor[pekko://fukuii_system/user/peer-manager/64.225.0.245:30303/rlpx-connection#-928451051] was not delivered. [4] dead letters encountered. If this is not an expected behavior then Actor[pekko://fukuii_system/user/peer-manager/64.225.0.245:30303/rlpx-connection#-928451051] may have terminated unexpectedly. This logging can be turned off or adjusted with configuration settings 'pekko.log-dead-letters' and 'pekko.log-dead-letters-during-shutdown'.
fukuii-run-003  | 2025-12-03 13:48:12,661 INFO  [o.apache.pekko.actor.LocalActorRef] - Message [com.chipprbots.ethereum.network.rlpx.RLPxConnectionHandler$AuthHandshakeTimeout$] from Actor[pekko://fukuii_system/user/peer-manager/164.90.144.106:30303/rlpx-connection#-781951998] to Actor[pekko://fukuii_system/user/peer-manager/164.90.144.106:30303/rlpx-connection#-781951998] was not delivered. [5] dead letters encountered, no more dead letters will be logged in next [5.000 min]. If this is not an expected behavior then Actor[pekko://fukuii_system/user/peer-manager/164.90.144.106:30303/rlpx-connection#-781951998] may have terminated unexpectedly. This logging can be turned off or adjusted with configuration settings 'pekko.log-dead-letters' and 'pekko.log-dead-letters-during-shutdown'.
fukuii-run-003  | 2025-12-03 13:48:17,357 INFO  [c.c.e.network.PeerManagerActor] - Total number of discovered nodes 29. Total number of connection attempts 0, blacklisted 0 nodes. Handshaked 0/80, pending connection attempts 3. Trying to connect to 26 more nodes.
fukuii-run-003  | 2025-12-03 13:48:17,442 ERROR [c.c.e.n.rlpx.RLPxConnectionHandler] - [Stopping Connection] TCP connection to enode://73e74ce7426a17aa2d8b5bb64d796ec7dc4dcee2af9bbdd4434394d1e4e52e650b9e39202435fca29ce65c242fd6e59b93ed2cf37f04b645fb23e306273816ad@54.148.165.1:30304?discport=30304 failed for peer 54.148.165.1:30304
fukuii-run-003  | 2025-12-03 13:48:17,443 ERROR [c.c.e.n.rlpx.RLPxConnectionHandler] - [Stopping Connection] TCP connection to enode://66498ac935f3f54d873de4719bf2d6d61e0c74dd173b547531325bcef331480f9bedece91099810971c8567eeb1ae9f6954b013c47c6dc51355bbbbae65a8c16@54.148.165.1:30303?discport=30303 failed for peer 54.148.165.1:30303
fukuii-run-003  | 2025-12-03 13:48:17,791 INFO  [c.c.e.n.rlpx.RLPxConnectionHandler] - [RLPx] Auth handshake SUCCESS for peer 64.225.0.245:30303, establishing secure connection
fukuii-run-003  | 2025-12-03 13:48:17,794 WARN  [c.c.e.n.rlpx.RLPxConnectionHandler] - [RLPx] Did not find 'Hello' in message from peer 64.225.0.245:30303, continuing to await
fukuii-run-003  | 2025-12-03 13:48:17,804 INFO  [c.c.e.n.rlpx.RLPxConnectionHandler] - [RLPx] Connection FULLY ESTABLISHED with peer 64.225.0.245:30303, entering handshaked state
fukuii-run-003  | 2025-12-03 13:48:17,811 INFO  [c.c.e.n.rlpx.RLPxConnectionHandler] - SEND_MSG: peer=64.225.0.245:30303, type=Hello, code=0x0, seqNum=0
fukuii-run-003  | 2025-12-03 13:48:17,822 INFO  [c.c.e.n.h.EthNodeStatus64ExchangeState] - STATUS_EXCHANGE: Using bootstrap pivot block 19250000 for ForkId calculation (actual best block: 12214, threshold: 100000)
fukuii-run-003  | 2025-12-03 13:48:17,825 INFO  [c.c.e.n.rlpx.RLPxConnectionHandler] - [RLPx] Auth handshake SUCCESS for peer 164.90.144.106:30303, establishing secure connection
fukuii-run-003  | 2025-12-03 13:48:17,825 INFO  [c.c.e.n.rlpx.RLPxConnectionHandler] - [RLPx] Connection FULLY ESTABLISHED with peer 164.90.144.106:30303, entering handshaked state
fukuii-run-003  | 2025-12-03 13:48:17,825 INFO  [c.c.e.n.h.EthNodeStatus64ExchangeState] - STATUS_EXCHANGE: Using bootstrap pivot block 19250000 for ForkId calculation (actual best block: 12214, threshold: 100000)
fukuii-run-003  | 2025-12-03 13:48:17,828 INFO  [c.c.e.n.rlpx.RLPxConnectionHandler] - SEND_MSG: peer=164.90.144.106:30303, type=Hello, code=0x0, seqNum=0
fukuii-run-003  | 2025-12-03 13:48:17,831 INFO  [c.c.e.n.h.EthNodeStatus64ExchangeState] - STATUS_EXCHANGE: Sending status - protocolVersion=68, networkId=1, totalDifficulty=3766157715026249, bestBlock=12214, bestHash=ByteString(63, -101, -63, -112, -2, 124, -52, 13, 120, -6, -78, -8, 89, 31, 67, 83, 118, -83, 124, -50, 7, 8, -81, 127, 122, 26, -81, -50, -79, 120, -42, 6), genesisHash=ByteString(-44, -27, 103, 64, -8, 118, -82, -8, -64, 16, -72, 106, 64, -43, -11, 103, 69, -95, 24, -48, -112, 106, 52, -26, -102, -20, -116, 13, -79, -53, -113, -93), forkId=ForkId(0xbe46d57c, None)
fukuii-run-003  | 2025-12-03 13:48:17,831 INFO  [c.c.e.n.h.EthNodeStatus64ExchangeState] - STATUS_EXCHANGE: Sending status - protocolVersion=68, networkId=1, totalDifficulty=3766157715026249, bestBlock=12214, bestHash=ByteString(63, -101, -63, -112, -2, 124, -52, 13, 120, -6, -78, -8, 89, 31, 67, 83, 118, -83, 124, -50, 7, 8, -81, 127, 122, 26, -81, -50, -79, 120, -42, 6), genesisHash=ByteString(-44, -27, 103, 64, -8, 118, -82, -8, -64, 16, -72, 106, 64, -43, -11, 103, 69, -95, 24, -48, -112, 106, 52, -26, -102, -20, -116, 13, -79, -53, -113, -93), forkId=ForkId(0xbe46d57c, None)
fukuii-run-003  | 2025-12-03 13:48:17,880 INFO  [c.c.e.n.rlpx.RLPxConnectionHandler] - SEND_MSG: peer=164.90.144.106:30303, type=Status, code=0x10, seqNum=1
fukuii-run-003  | 2025-12-03 13:48:17,881 INFO  [c.c.e.n.rlpx.RLPxConnectionHandler] - SEND_MSG: peer=64.225.0.245:30303, type=Status, code=0x10, seqNum=1
fukuii-run-003  | 2025-12-03 13:48:17,893 INFO  [c.c.e.n.h.EthNodeStatus64ExchangeState] - STATUS_EXCHANGE: Received status from peer - protocolVersion=68, networkId=1, totalDifficulty=21410705777502284899779, bestHash=ByteString(23, -108, -69, 47, -90, -27, -29, 72, -109, 122, 16, -68, 23, -127, 28, -46, -60, 99, 63, -24, 44, 48, 112, 61, -12, -26, -3, -36, -15, -30, 116, -115), genesisHash=ByteString(-44, -27, 103, 64, -8, 118, -82, -8, -64, 16, -72, 106, 64, -43, -11, 103, 69, -95, 24, -48, -112, 106, 52, -26, -102, -20, -116, 13, -79, -53, -113, -93), forkId=ForkId(0xbe46d57c, None)
fukuii-run-003  | 2025-12-03 13:48:17,895 INFO  [c.c.e.n.h.EthNodeStatus64ExchangeState] - STATUS_EXCHANGE: Local state - bestBlock=12214, genesisHash=ByteString(-44, -27, 103, 64, -8, 118, -82, -8, -64, 16, -72, 106, 64, -43, -11, 103, 69, -95, 24, -48, -112, 106, 52, -26, -102, -20, -116, 13, -79, -53, -113, -93), localForkId=ForkId(0xfc64ec04, Some(1150000))
fukuii-run-003  | 2025-12-03 13:48:17,897 INFO  [c.c.e.n.h.EthNodeStatus64ExchangeState] - STATUS_EXCHANGE: Received status from peer - protocolVersion=68, networkId=1, totalDifficulty=21410705777502284899779, bestHash=ByteString(23, -108, -69, 47, -90, -27, -29, 72, -109, 122, 16, -68, 23, -127, 28, -46, -60, 99, 63, -24, 44, 48, 112, 61, -12, -26, -3, -36, -15, -30, 116, -115), genesisHash=ByteString(-44, -27, 103, 64, -8, 118, -82, -8, -64, 16, -72, 106, 64, -43, -11, 103, 69, -95, 24, -48, -112, 106, 52, -26, -102, -20, -116, 13, -79, -53, -113, -93), forkId=ForkId(0xbe46d57c, None)
fukuii-run-003  | 2025-12-03 13:48:17,899 INFO  [c.c.e.n.h.EthNodeStatus64ExchangeState] - STATUS_EXCHANGE: Local state - bestBlock=12214, genesisHash=ByteString(-44, -27, 103, 64, -8, 118, -82, -8, -64, 16, -72, 106, 64, -43, -11, 103, 69, -95, 24, -48, -112, 106, 52, -26, -102, -20, -116, 13, -79, -53, -113, -93), localForkId=ForkId(0xfc64ec04, Some(1150000))
fukuii-run-003  | 2025-12-03 13:48:17,929 INFO  [c.c.ethereum.forkid.ForkIdValidator] - FORKID_VALIDATION: Validation result: Right(Connect) for remote ForkId(0xbe46d57c, None)
fukuii-run-003  | 2025-12-03 13:48:17,929 INFO  [c.c.ethereum.forkid.ForkIdValidator] - FORKID_VALIDATION: Validation result: Right(Connect) for remote ForkId(0xbe46d57c, None)
fukuii-run-003  | 2025-12-03 13:48:17,931 INFO  [c.c.e.n.h.EthNodeStatus64ExchangeState] - STATUS_EXCHANGE: ForkId validation result: Connect
fukuii-run-003  | 2025-12-03 13:48:17,931 INFO  [c.c.e.n.h.EthNodeStatus64ExchangeState] - STATUS_EXCHANGE: ForkId validation result: Connect
fukuii-run-003  | 2025-12-03 13:48:17,931 INFO  [c.c.e.n.h.EthNodeStatus64ExchangeState] - STATUS_EXCHANGE: ForkId validation passed - accepting peer connection (skipping fork block exchange per EIP-2124)
fukuii-run-003  | 2025-12-03 13:48:17,932 INFO  [c.c.e.n.h.EthNodeStatus64ExchangeState] - STATUS_EXCHANGE: ForkId validation passed - accepting peer connection (skipping fork block exchange per EIP-2124)
fukuii-run-003  | 2025-12-03 13:48:17,944 INFO  [c.c.e.network.EtcPeerManagerActor] - PEER_HANDSHAKE_SUCCESS: Peer PeerId(55bbc7f0ffa2af2ceca997ec195a98768144a163d389ae87b808dff8a861618405c2582451bbb6022e429e4bcd6b0e895e86160db6e93cdadbcfd80faacf6f06) handshake successful. Capability: ETH68, BestHash: 1794bb2fa6e5e348937a10bc17811cd2c4633fe82c30703df4e6fddcf1e2748d, TotalDifficulty: 21410705777502284899779
fukuii-run-003  | 2025-12-03 13:48:17,947 INFO  [c.c.e.network.EtcPeerManagerActor] - PEER_HANDSHAKE_SUCCESS: Sending GetBlockHeaders to peer PeerId(55bbc7f0ffa2af2ceca997ec195a98768144a163d389ae87b808dff8a861618405c2582451bbb6022e429e4bcd6b0e895e86160db6e93cdadbcfd80faacf6f06) (usesRequestId: true, bestHash: 1794bb2fa6e5e348937a10bc17811cd2c4633fe82c30703df4e6fddcf1e2748d)
fukuii-run-003  | 2025-12-03 13:48:17,949 INFO  [c.c.e.n.rlpx.RLPxConnectionHandler] - SEND_MSG: peer=164.90.144.106:30303, type=GetBlockHeaders, code=0x13, seqNum=2
fukuii-run-003  | 2025-12-03 13:48:17,951 INFO  [c.c.e.network.EtcPeerManagerActor] - PEER_HANDSHAKE_SUCCESS: Peer PeerId(16264d48df59c3492972d96bf8a39dd38bab165809a3a4bb161859a337de38b2959cc98efea94355c7a7177cd020867c683aed934dbd6bc937d9e6b61d94d8d9) handshake successful. Capability: ETH68, BestHash: 1794bb2fa6e5e348937a10bc17811cd2c4633fe82c30703df4e6fddcf1e2748d, TotalDifficulty: 21410705777502284899779
fukuii-run-003  | 2025-12-03 13:48:17,954 INFO  [c.c.e.network.EtcPeerManagerActor] - PEER_HANDSHAKE_SUCCESS: Sending GetBlockHeaders to peer PeerId(16264d48df59c3492972d96bf8a39dd38bab165809a3a4bb161859a337de38b2959cc98efea94355c7a7177cd020867c683aed934dbd6bc937d9e6b61d94d8d9) (usesRequestId: true, bestHash: 1794bb2fa6e5e348937a10bc17811cd2c4633fe82c30703df4e6fddcf1e2748d)
fukuii-run-003  | 2025-12-03 13:48:17,955 INFO  [c.c.e.n.rlpx.RLPxConnectionHandler] - SEND_MSG: peer=64.225.0.245:30303, type=GetBlockHeaders, code=0x13, seqNum=2
fukuii-run-003  | 2025-12-03 13:48:17,997 INFO  [c.c.e.n.rlpx.RLPxConnectionHandler] - [RLPx] Auth handshake SUCCESS for peer 157.245.77.211:30303, establishing secure connection
fukuii-run-003  | 2025-12-03 13:48:18,000 WARN  [c.c.e.n.rlpx.RLPxConnectionHandler] - [RLPx] Did not find 'Hello' in message from peer 157.245.77.211:30303, continuing to await
fukuii-run-003  | 2025-12-03 13:48:18,002 INFO  [c.c.e.n.h.EthNodeStatus64ExchangeState] - STATUS_EXCHANGE: Using bootstrap pivot block 19250000 for ForkId calculation (actual best block: 12214, threshold: 100000)
fukuii-run-003  | 2025-12-03 13:48:18,003 INFO  [c.c.e.n.rlpx.RLPxConnectionHandler] - [RLPx] Connection FULLY ESTABLISHED with peer 157.245.77.211:30303, entering handshaked state
fukuii-run-003  | 2025-12-03 13:48:18,003 INFO  [c.c.e.n.rlpx.RLPxConnectionHandler] - SEND_MSG: peer=157.245.77.211:30303, type=Hello, code=0x0, seqNum=0
fukuii-run-003  | 2025-12-03 13:48:18,006 INFO  [c.c.e.n.h.EthNodeStatus64ExchangeState] - STATUS_EXCHANGE: Sending status - protocolVersion=68, networkId=1, totalDifficulty=3766157715026249, bestBlock=12214, bestHash=ByteString(63, -101, -63, -112, -2, 124, -52, 13, 120, -6, -78, -8, 89, 31, 67, 83, 118, -83, 124, -50, 7, 8, -81, 127, 122, 26, -81, -50, -79, 120, -42, 6), genesisHash=ByteString(-44, -27, 103, 64, -8, 118, -82, -8, -64, 16, -72, 106, 64, -43, -11, 103, 69, -95, 24, -48, -112, 106, 52, -26, -102, -20, -116, 13, -79, -53, -113, -93), forkId=ForkId(0xbe46d57c, None)
fukuii-run-003  | 2025-12-03 13:48:18,008 INFO  [c.c.e.n.rlpx.RLPxConnectionHandler] - SEND_MSG: peer=157.245.77.211:30303, type=Status, code=0x10, seqNum=1
fukuii-run-003  | 2025-12-03 13:48:18,059 INFO  [c.c.e.network.EtcPeerManagerActor] - RECV_BLOCKHEADERS: peer=PeerId(55bbc7f0ffa2af2ceca997ec195a98768144a163d389ae87b808dff8a861618405c2582451bbb6022e429e4bcd6b0e895e86160db6e93cdadbcfd80faacf6f06), requestId=1, count=1, blockNumbers=23522465
fukuii-run-003  | 2025-12-03 13:48:18,082 INFO  [c.c.e.network.EtcPeerManagerActor] - RECV_BLOCKHEADERS: peer=PeerId(16264d48df59c3492972d96bf8a39dd38bab165809a3a4bb161859a337de38b2959cc98efea94355c7a7177cd020867c683aed934dbd6bc937d9e6b61d94d8d9), requestId=2, count=1, blockNumbers=23522465
fukuii-run-003  | 2025-12-03 13:48:18,129 INFO  [c.c.e.n.h.EthNodeStatus64ExchangeState] - STATUS_EXCHANGE: Received status from peer - protocolVersion=68, networkId=1, totalDifficulty=21410705777502284899779, bestHash=ByteString(23, -108, -69, 47, -90, -27, -29, 72, -109, 122, 16, -68, 23, -127, 28, -46, -60, 99, 63, -24, 44, 48, 112, 61, -12, -26, -3, -36, -15, -30, 116, -115), genesisHash=ByteString(-44, -27, 103, 64, -8, 118, -82, -8, -64, 16, -72, 106, 64, -43, -11, 103, 69, -95, 24, -48, -112, 106, 52, -26, -102, -20, -116, 13, -79, -53, -113, -93), forkId=ForkId(0xbe46d57c, None)
fukuii-run-003  | 2025-12-03 13:48:18,130 INFO  [c.c.e.n.h.EthNodeStatus64ExchangeState] - STATUS_EXCHANGE: Local state - bestBlock=12214, genesisHash=ByteString(-44, -27, 103, 64, -8, 118, -82, -8, -64, 16, -72, 106, 64, -43, -11, 103, 69, -95, 24, -48, -112, 106, 52, -26, -102, -20, -116, 13, -79, -53, -113, -93), localForkId=ForkId(0xfc64ec04, Some(1150000))
fukuii-run-003  | 2025-12-03 13:48:18,132 INFO  [c.c.ethereum.forkid.ForkIdValidator] - FORKID_VALIDATION: Validation result: Right(Connect) for remote ForkId(0xbe46d57c, None)
fukuii-run-003  | 2025-12-03 13:48:18,132 INFO  [c.c.e.n.h.EthNodeStatus64ExchangeState] - STATUS_EXCHANGE: ForkId validation result: Connect
fukuii-run-003  | 2025-12-03 13:48:18,133 INFO  [c.c.e.n.h.EthNodeStatus64ExchangeState] - STATUS_EXCHANGE: ForkId validation passed - accepting peer connection (skipping fork block exchange per EIP-2124)
fukuii-run-003  | 2025-12-03 13:48:18,135 INFO  [c.c.e.network.EtcPeerManagerActor] - PEER_HANDSHAKE_SUCCESS: Peer PeerId(6b6ea53a498f0895c10269a3a74b777286bd467de6425c3b512740fcc7fbc8cd281dca4ab041dd97d62b38f3d0b5b05e71f48d28a3a2f4b5de40fe1f6bf05531) handshake successful. Capability: ETH68, BestHash: 1794bb2fa6e5e348937a10bc17811cd2c4633fe82c30703df4e6fddcf1e2748d, TotalDifficulty: 21410705777502284899779
fukuii-run-003  | 2025-12-03 13:48:18,136 INFO  [c.c.e.network.EtcPeerManagerActor] - PEER_HANDSHAKE_SUCCESS: Sending GetBlockHeaders to peer PeerId(6b6ea53a498f0895c10269a3a74b777286bd467de6425c3b512740fcc7fbc8cd281dca4ab041dd97d62b38f3d0b5b05e71f48d28a3a2f4b5de40fe1f6bf05531) (usesRequestId: true, bestHash: 1794bb2fa6e5e348937a10bc17811cd2c4633fe82c30703df4e6fddcf1e2748d)
fukuii-run-003  | 2025-12-03 13:48:18,137 INFO  [c.c.e.n.rlpx.RLPxConnectionHandler] - SEND_MSG: peer=157.245.77.211:30303, type=GetBlockHeaders, code=0x13, seqNum=2
fukuii-run-003  | 2025-12-03 13:48:18,262 INFO  [c.c.e.network.EtcPeerManagerActor] - RECV_BLOCKHEADERS: peer=PeerId(6b6ea53a498f0895c10269a3a74b777286bd467de6425c3b512740fcc7fbc8cd281dca4ab041dd97d62b38f3d0b5b05e71f48d28a3a2f4b5de40fe1f6bf05531), requestId=3, count=1, blockNumbers=23522465
fukuii-run-003  | 2025-12-03 13:48:23,054 INFO  [c.c.e.n.rlpx.RLPxConnectionHandler] - SEND_MSG: peer=164.90.144.106:30303, type=GetAccountRange, code=0x0, seqNum=3fukuii-run-003  | 2025-12-03 13:48:23,054 INFO  [c.c.e.n.rlpx.RLPxConnectionHandler] - SEND_MSG: peer=157.245.77.211:30303, type=GetAccountRange, code=0x0, seqNum=3fukuii-run-003  | 2025-12-03 13:48:23,054 INFO  [c.c.e.n.rlpx.RLPxConnectionHandler] - SEND_MSG: peer=64.225.0.245:30303, type=GetAccountRange, code=0x0, seqNum=3
fukuii-run-003  | 2025-12-03 13:48:32,522 ERROR [c.c.e.n.rlpx.RLPxConnectionHandler] - [Stopping Connection] TCP connection to enode://73e74ce7426a17aa2d8b5bb64d796ec7dc4dcee2af9bbdd4434394d1e4e52e650b9e39202435fca29ce65c242fd6e59b93ed2cf37f04b645fb23e306273816ad@54.148.165.1:30304?discport=30304 failed for peer 54.148.165.1:30304
fukuii-run-003  | 2025-12-03 13:48:32,523 ERROR [c.c.e.n.rlpx.RLPxConnectionHandler] - [Stopping Connection] TCP connection to enode://66498ac935f3f54d873de4719bf2d6d61e0c74dd173b547531325bcef331480f9bedece91099810971c8567eeb1ae9f6954b013c47c6dc51355bbbbae65a8c16@54.148.165.1:30303?discport=30303 failed for peer 54.148.165.1:30303
fukuii-run-003  | 2025-12-03 13:48:32,598 INFO  [c.c.e.b.s.snap.SyncProgressMonitor] - 📈 SNAP Sync Progress: phase=AccountRange, accounts=0@0/s, elapsed=30s
fukuii-run-003  | 2025-12-03 13:48:38,240 INFO  [c.c.e.b.sync.CacheBasedBlacklist] - Blacklisting peer [PeerAddress(64.225.0.245)] for 120000 milliseconds. Reason: Some other reason specific to a subprotocol
fukuii-run-003  | 2025-12-03 13:48:38,261 INFO  [c.c.e.b.sync.CacheBasedBlacklist] - Blacklisting peer [PeerAddress(164.90.144.106)] for 120000 milliseconds. Reason: Some other reason specific to a subprotocol
fukuii-run-003  | 2025-12-03 13:48:38,452 INFO  [c.c.e.b.sync.CacheBasedBlacklist] - Blacklisting peer [PeerAddress(157.245.77.211)] for 120000 milliseconds. Reason: Some other reason specific to a subprotocol
fukuii-run-003  | 2025-12-03 13:48:47,601 ERROR [c.c.e.n.rlpx.RLPxConnectionHandler] - [Stopping Connection] TCP connection to enode://66498ac935f3f54d873de4719bf2d6d61e0c74dd173b547531325bcef331480f9bedece91099810971c8567eeb1ae9f6954b013c47c6dc51355bbbbae65a8c16@54.148.165.1:30303?discport=30303 failed for peer 54.148.165.1:30303
fukuii-run-003  | 2025-12-03 13:48:47,602 ERROR [c.c.e.n.rlpx.RLPxConnectionHandler] - [Stopping Connection] TCP connection to enode://73e74ce7426a17aa2d8b5bb64d796ec7dc4dcee2af9bbdd4434394d1e4e52e650b9e39202435fca29ce65c242fd6e59b93ed2cf37f04b645fb23e306273816ad@54.148.165.1:30304?discport=30304 failed for peer 54.148.165.1:30304
fukuii-run-003  | 2025-12-03 13:48:47,603 INFO  [c.c.e.b.sync.CacheBasedBlacklist] - Blacklisting peer [PeerAddress(54.148.165.1)] for 120000 milliseconds. Reason: Some other reason specific to a subprotocol
fukuii-run-003  | 2025-12-03 13:48:47,604 INFO  [c.c.e.b.sync.CacheBasedBlacklist] - Blacklisting peer [PeerAddress(54.148.165.1)] for 120000 milliseconds. Reason: Some other reason specific to a subprotocol
fukuii-run-003  | 2025-12-03 13:48:53,070 WARN  [c.c.e.b.sync.snap.SNAPRequestTracker] - SNAP request GetAccountRange timeout for request ID 1 from peer PeerId(55bbc7f0ffa2af2ceca997ec195a98768144a163d389ae87b808dff8a861618405c2582451bbb6022e429e4bcd6b0e895e86160db6e93cdadbcfd80faacf6f06)
fukuii-run-003  | 2025-12-03 13:48:53,071 WARN  [c.c.e.b.s.s.AccountRangeDownloader] - Account range request timeout for range [00000000...10000000]
fukuii-run-003  | 2025-12-03 13:48:53,072 WARN  [c.c.e.b.sync.snap.SNAPRequestTracker] - SNAP request GetAccountRange timeout for request ID 3 from peer PeerId(6b6ea53a498f0895c10269a3a74b777286bd467de6425c3b512740fcc7fbc8cd281dca4ab041dd97d62b38f3d0b5b05e71f48d28a3a2f4b5de40fe1f6bf05531)
fukuii-run-003  | 2025-12-03 13:48:53,072 WARN  [c.c.e.b.s.s.AccountRangeDownloader] - Account range request timeout for range [20000000...30000000]
fukuii-run-003  | 2025-12-03 13:48:53,072 WARN  [c.c.e.b.sync.snap.SNAPRequestTracker] - SNAP request GetAccountRange timeout for request ID 2 from peer PeerId(16264d48df59c3492972d96bf8a39dd38bab165809a3a4bb161859a337de38b2959cc98efea94355c7a7177cd020867c683aed934dbd6bc937d9e6b61d94d8d9)
fukuii-run-003  | 2025-12-03 13:48:53,073 WARN  [c.c.e.b.s.s.AccountRangeDownloader] - Account range request timeout for range [10000000...20000000]
fukuii-run-003  | 2025-12-03 13:48:54,089 WARN  [c.c.e.b.sync.snap.SNAPRequestTracker] - SNAP request GetAccountRange timeout for request ID 4 from peer PeerId(55bbc7f0ffa2af2ceca997ec195a98768144a163d389ae87b808dff8a861618405c2582451bbb6022e429e4bcd6b0e895e86160db6e93cdadbcfd80faacf6f06)
fukuii-run-003  | 2025-12-03 13:48:54,090 WARN  [c.c.e.b.s.s.AccountRangeDownloader] - Account range request timeout for range [30000000...40000000]
fukuii-run-003  | 2025-12-03 13:48:54,090 WARN  [c.c.e.b.sync.snap.SNAPRequestTracker] - SNAP request GetAccountRange timeout for request ID 6 from peer PeerId(6b6ea53a498f0895c10269a3a74b777286bd467de6425c3b512740fcc7fbc8cd281dca4ab041dd97d62b38f3d0b5b05e71f48d28a3a2f4b5de40fe1f6bf05531)
fukuii-run-003  | 2025-12-03 13:48:54,090 WARN  [c.c.e.b.s.s.AccountRangeDownloader] - Account range request timeout for range [50000000...60000000]
fukuii-run-003  | 2025-12-03 13:48:54,090 WARN  [c.c.e.b.sync.snap.SNAPRequestTracker] - SNAP request GetAccountRange timeout for request ID 5 from peer PeerId(16264d48df59c3492972d96bf8a39dd38bab165809a3a4bb161859a337de38b2959cc98efea94355c7a7177cd020867c683aed934dbd6bc937d9e6b61d94d8d9)
fukuii-run-003  | 2025-12-03 13:48:54,091 WARN  [c.c.e.b.s.s.AccountRangeDownloader] - Account range request timeout for range [40000000...50000000]
fukuii-run-003  | 2025-12-03 13:48:55,108 WARN  [c.c.e.b.sync.snap.SNAPRequestTracker] - SNAP request GetAccountRange timeout for request ID 7 from peer PeerId(55bbc7f0ffa2af2ceca997ec195a98768144a163d389ae87b808dff8a861618405c2582451bbb6022e429e4bcd6b0e895e86160db6e93cdadbcfd80faacf6f06)
fukuii-run-003  | 2025-12-03 13:48:55,109 WARN  [c.c.e.b.s.s.AccountRangeDownloader] - Account range request timeout for range [60000000...70000000]
fukuii-run-003  | 2025-12-03 13:48:55,109 WARN  [c.c.e.b.sync.snap.SNAPRequestTracker] - SNAP request GetAccountRange timeout for request ID 9 from peer PeerId(6b6ea53a498f0895c10269a3a74b777286bd467de6425c3b512740fcc7fbc8cd281dca4ab041dd97d62b38f3d0b5b05e71f48d28a3a2f4b5de40fe1f6bf05531)
fukuii-run-003  | 2025-12-03 13:48:55,109 WARN  [c.c.e.b.s.s.AccountRangeDownloader] - Account range request timeout for range [80000000...90000000]
fukuii-run-003  | 2025-12-03 13:48:55,109 WARN  [c.c.e.b.sync.snap.SNAPRequestTracker] - SNAP request GetAccountRange timeout for request ID 8 from peer PeerId(16264d48df59c3492972d96bf8a39dd38bab165809a3a4bb161859a337de38b2959cc98efea94355c7a7177cd020867c683aed934dbd6bc937d9e6b61d94d8d9)
fukuii-run-003  | 2025-12-03 13:48:55,110 WARN  [c.c.e.b.s.s.AccountRangeDownloader] - Account range request timeout for range [70000000...80000000]
fukuii-run-003  | 2025-12-03 13:48:56,128 WARN  [c.c.e.b.sync.snap.SNAPRequestTracker] - SNAP request GetAccountRange timeout for request ID 10 from peer PeerId(55bbc7f0ffa2af2ceca997ec195a98768144a163d389ae87b808dff8a861618405c2582451bbb6022e429e4bcd6b0e895e86160db6e93cdadbcfd80faacf6f06)
fukuii-run-003  | 2025-12-03 13:48:56,131 WARN  [c.c.e.b.s.s.AccountRangeDownloader] - Account range request timeout for range [90000000...a0000000]
fukuii-run-003  | 2025-12-03 13:48:56,131 WARN  [c.c.e.b.sync.snap.SNAPRequestTracker] - SNAP request GetAccountRange timeout for request ID 12 from peer PeerId(6b6ea53a498f0895c10269a3a74b777286bd467de6425c3b512740fcc7fbc8cd281dca4ab041dd97d62b38f3d0b5b05e71f48d28a3a2f4b5de40fe1f6bf05531)
fukuii-run-003  | 2025-12-03 13:48:56,131 WARN  [c.c.e.b.s.s.AccountRangeDownloader] - Account range request timeout for range [b0000000...c0000000]
fukuii-run-003  | 2025-12-03 13:48:56,132 WARN  [c.c.e.b.sync.snap.SNAPRequestTracker] - SNAP request GetAccountRange timeout for request ID 11 from peer PeerId(16264d48df59c3492972d96bf8a39dd38bab165809a3a4bb161859a337de38b2959cc98efea94355c7a7177cd020867c683aed934dbd6bc937d9e6b61d94d8d9)
fukuii-run-003  | 2025-12-03 13:48:56,132 WARN  [c.c.e.b.s.s.AccountRangeDownloader] - Account range request timeout for range [a0000000...b0000000]
fukuii-run-003  | 2025-12-03 13:48:57,148 WARN  [c.c.e.b.sync.snap.SNAPRequestTracker] - SNAP request GetAccountRange timeout for request ID 13 from peer PeerId(55bbc7f0ffa2af2ceca997ec195a98768144a163d389ae87b808dff8a861618405c2582451bbb6022e429e4bcd6b0e895e86160db6e93cdadbcfd80faacf6f06)
fukuii-run-003  | 2025-12-03 13:48:57,149 WARN  [c.c.e.b.s.s.AccountRangeDownloader] - Account range request timeout for range [c0000000...d0000000]
fukuii-run-003  | 2025-12-03 13:48:57,150 WARN  [c.c.e.b.sync.snap.SNAPRequestTracker] - SNAP request GetAccountRange timeout for request ID 15 from peer PeerId(6b6ea53a498f0895c10269a3a74b777286bd467de6425c3b512740fcc7fbc8cd281dca4ab041dd97d62b38f3d0b5b05e71f48d28a3a2f4b5de40fe1f6bf05531)
fukuii-run-003  | 2025-12-03 13:48:57,151 WARN  [c.c.e.b.s.s.AccountRangeDownloader] - Account range request timeout for range [e0000000...f0000000]
fukuii-run-003  | 2025-12-03 13:48:57,153 WARN  [c.c.e.b.sync.snap.SNAPRequestTracker] - SNAP request GetAccountRange timeout for request ID 14 from peer PeerId(16264d48df59c3492972d96bf8a39dd38bab165809a3a4bb161859a337de38b2959cc98efea94355c7a7177cd020867c683aed934dbd6bc937d9e6b61d94d8d9)
fukuii-run-003  | 2025-12-03 13:48:57,154 WARN  [c.c.e.b.s.s.AccountRangeDownloader] - Account range request timeout for range [d0000000...e0000000]
fukuii-run-003  | 2025-12-03 13:48:58,168 WARN  [c.c.e.b.sync.snap.SNAPRequestTracker] - SNAP request GetAccountRange timeout for request ID 16 from peer PeerId(55bbc7f0ffa2af2ceca997ec195a98768144a163d389ae87b808dff8a861618405c2582451bbb6022e429e4bcd6b0e895e86160db6e93cdadbcfd80faacf6f06)
fukuii-run-003  | 2025-12-03 13:48:58,169 WARN  [c.c.e.b.s.s.AccountRangeDownloader] - Account range request timeout for range [f0000000...ffffffff]
fukuii-run-003  | 2025-12-03 13:49:02,599 INFO  [c.c.e.b.s.snap.SyncProgressMonitor] - 📈 SNAP Sync Progress: phase=AccountRange, accounts=0@0/s, elapsed=60s
fukuii-run-003  | 2025-12-03 13:49:17,362 INFO  [c.c.e.network.PeerManagerActor] - Total number of discovered nodes 29. Total number of connection attempts 26, blacklisted 0 nodes. Handshaked 0/80, pending connection attempts 24. Trying to connect to 5 more nodes.
fukuii-run-003  | 2025-12-03 13:49:17,445 ERROR [c.c.e.n.rlpx.RLPxConnectionHandler] - [Stopping Connection] TCP connection to enode://66498ac935f3f54d873de4719bf2d6d61e0c74dd173b547531325bcef331480f9bedece91099810971c8567eeb1ae9f6954b013c47c6dc51355bbbbae65a8c16@54.148.165.1:30303?discport=30303 failed for peer 54.148.165.1:30303
fukuii-run-003  | 2025-12-03 13:49:17,448 ERROR [c.c.e.n.rlpx.RLPxConnectionHandler] - [Stopping Connection] TCP connection to enode://73e74ce7426a17aa2d8b5bb64d796ec7dc4dcee2af9bbdd4434394d1e4e52e650b9e39202435fca29ce65c242fd6e59b93ed2cf37f04b645fb23e306273816ad@54.148.165.1:30304?discport=30304 failed for peer 54.148.165.1:30304
fukuii-run-003  | 2025-12-03 13:49:17,506 INFO  [c.c.e.n.rlpx.RLPxConnectionHandler] - [RLPx] Auth handshake SUCCESS for peer 64.225.0.245:30303, establishing secure connection
fukuii-run-003  | 2025-12-03 13:49:17,507 INFO  [c.c.e.n.rlpx.RLPxConnectionHandler] - [RLPx] Connection FULLY ESTABLISHED with peer 64.225.0.245:30303, entering handshaked state
fukuii-run-003  | 2025-12-03 13:49:17,509 INFO  [c.c.e.n.h.EthNodeStatus64ExchangeState] - STATUS_EXCHANGE: Using bootstrap pivot block 19250000 for ForkId calculation (actual best block: 12214, threshold: 100000)
fukuii-run-003  | 2025-12-03 13:49:17,509 INFO  [c.c.e.n.rlpx.RLPxConnectionHandler] - SEND_MSG: peer=64.225.0.245:30303, type=Hello, code=0x0, seqNum=0
fukuii-run-003  | 2025-12-03 13:49:17,510 INFO  [c.c.e.n.h.EthNodeStatus64ExchangeState] - STATUS_EXCHANGE: Sending status - protocolVersion=68, networkId=1, totalDifficulty=3766157715026249, bestBlock=12214, bestHash=ByteString(63, -101, -63, -112, -2, 124, -52, 13, 120, -6, -78, -8, 89, 31, 67, 83, 118, -83, 124, -50, 7, 8, -81, 127, 122, 26, -81, -50, -79, 120, -42, 6), genesisHash=ByteString(-44, -27, 103, 64, -8, 118, -82, -8, -64, 16, -72, 106, 64, -43, -11, 103, 69, -95, 24, -48, -112, 106, 52, -26, -102, -20, -116, 13, -79, -53, -113, -93), forkId=ForkId(0xbe46d57c, None)
fukuii-run-003  | 2025-12-03 13:49:17,511 INFO  [c.c.e.n.rlpx.RLPxConnectionHandler] - SEND_MSG: peer=64.225.0.245:30303, type=Status, code=0x10, seqNum=1
fukuii-run-003  | 2025-12-03 13:49:17,529 INFO  [c.c.e.n.rlpx.RLPxConnectionHandler] - [RLPx] Auth handshake SUCCESS for peer 164.90.144.106:30303, establishing secure connection
fukuii-run-003  | 2025-12-03 13:49:17,530 INFO  [c.c.e.n.rlpx.RLPxConnectionHandler] - [RLPx] Connection FULLY ESTABLISHED with peer 164.90.144.106:30303, entering handshaked state
fukuii-run-003  | 2025-12-03 13:49:17,530 INFO  [c.c.e.n.h.EthNodeStatus64ExchangeState] - STATUS_EXCHANGE: Using bootstrap pivot block 19250000 for ForkId calculation (actual best block: 12214, threshold: 100000)
fukuii-run-003  | 2025-12-03 13:49:17,531 INFO  [c.c.e.n.rlpx.RLPxConnectionHandler] - SEND_MSG: peer=164.90.144.106:30303, type=Hello, code=0x0, seqNum=0
fukuii-run-003  | 2025-12-03 13:49:17,532 INFO  [c.c.e.n.h.EthNodeStatus64ExchangeState] - STATUS_EXCHANGE: Sending status - protocolVersion=68, networkId=1, totalDifficulty=3766157715026249, bestBlock=12214, bestHash=ByteString(63, -101, -63, -112, -2, 124, -52, 13, 120, -6, -78, -8, 89, 31, 67, 83, 118, -83, 124, -50, 7, 8, -81, 127, 122, 26, -81, -50, -79, 120, -42, 6), genesisHash=ByteString(-44, -27, 103, 64, -8, 118, -82, -8, -64, 16, -72, 106, 64, -43, -11, 103, 69, -95, 24, -48, -112, 106, 52, -26, -102, -20, -116, 13, -79, -53, -113, -93), forkId=ForkId(0xbe46d57c, None)
fukuii-run-003  | 2025-12-03 13:49:17,533 INFO  [c.c.e.n.rlpx.RLPxConnectionHandler] - SEND_MSG: peer=164.90.144.106:30303, type=Status, code=0x10, seqNum=1
fukuii-run-003  | 2025-12-03 13:49:17,566 INFO  [c.c.e.n.h.EthNodeStatus64ExchangeState] - STATUS_EXCHANGE: Received status from peer - protocolVersion=68, networkId=1, totalDifficulty=21410717367660382505344, bestHash=ByteString(-81, -49, 96, 49, 12, -124, 36, 93, -84, 70, 16, -73, -27, -23, -33, 20, -83, -22, -69, 11, 1, 118, 5, -57, 56, -68, 60, 120, -92, -122, 37, 95), genesisHash=ByteString(-44, -27, 103, 64, -8, 118, -82, -8, -64, 16, -72, 106, 64, -43, -11, 103, 69, -95, 24, -48, -112, 106, 52, -26, -102, -20, -116, 13, -79, -53, -113, -93), forkId=ForkId(0xbe46d57c, None)
fukuii-run-003  | 2025-12-03 13:49:17,567 INFO  [c.c.e.n.h.EthNodeStatus64ExchangeState] - STATUS_EXCHANGE: Local state - bestBlock=12214, genesisHash=ByteString(-44, -27, 103, 64, -8, 118, -82, -8, -64, 16, -72, 106, 64, -43, -11, 103, 69, -95, 24, -48, -112, 106, 52, -26, -102, -20, -116, 13, -79, -53, -113, -93), localForkId=ForkId(0xfc64ec04, Some(1150000))
fukuii-run-003  | 2025-12-03 13:49:17,569 INFO  [c.c.ethereum.forkid.ForkIdValidator] - FORKID_VALIDATION: Validation result: Right(Connect) for remote ForkId(0xbe46d57c, None)
fukuii-run-003  | 2025-12-03 13:49:17,569 INFO  [c.c.e.n.h.EthNodeStatus64ExchangeState] - STATUS_EXCHANGE: ForkId validation result: Connect
fukuii-run-003  | 2025-12-03 13:49:17,569 INFO  [c.c.e.n.h.EthNodeStatus64ExchangeState] - STATUS_EXCHANGE: ForkId validation passed - accepting peer connection (skipping fork block exchange per EIP-2124)
fukuii-run-003  | 2025-12-03 13:49:17,570 INFO  [c.c.e.network.EtcPeerManagerActor] - PEER_HANDSHAKE_SUCCESS: Peer PeerId(16264d48df59c3492972d96bf8a39dd38bab165809a3a4bb161859a337de38b2959cc98efea94355c7a7177cd020867c683aed934dbd6bc937d9e6b61d94d8d9) handshake successful. Capability: ETH68, BestHash: afcf60310c84245dac4610b7e5e9df14adeabb0b017605c738bc3c78a486255f, TotalDifficulty: 21410717367660382505344
fukuii-run-003  | 2025-12-03 13:49:17,571 INFO  [c.c.e.network.EtcPeerManagerActor] - PEER_HANDSHAKE_SUCCESS: Sending GetBlockHeaders to peer PeerId(16264d48df59c3492972d96bf8a39dd38bab165809a3a4bb161859a337de38b2959cc98efea94355c7a7177cd020867c683aed934dbd6bc937d9e6b61d94d8d9) (usesRequestId: true, bestHash: afcf60310c84245dac4610b7e5e9df14adeabb0b017605c738bc3c78a486255f)
fukuii-run-003  | 2025-12-03 13:49:17,571 INFO  [c.c.e.n.rlpx.RLPxConnectionHandler] - SEND_MSG: peer=64.225.0.245:30303, type=GetBlockHeaders, code=0x13, seqNum=2
fukuii-run-003  | 2025-12-03 13:49:17,607 INFO  [c.c.e.n.h.EthNodeStatus64ExchangeState] - STATUS_EXCHANGE: Received status from peer - protocolVersion=68, networkId=1, totalDifficulty=21410717367660382505344, bestHash=ByteString(-81, -49, 96, 49, 12, -124, 36, 93, -84, 70, 16, -73, -27, -23, -33, 20, -83, -22, -69, 11, 1, 118, 5, -57, 56, -68, 60, 120, -92, -122, 37, 95), genesisHash=ByteString(-44, -27, 103, 64, -8, 118, -82, -8, -64, 16, -72, 106, 64, -43, -11, 103, 69, -95, 24, -48, -112, 106, 52, -26, -102, -20, -116, 13, -79, -53, -113, -93), forkId=ForkId(0xbe46d57c, None)
fukuii-run-003  | 2025-12-03 13:49:17,609 INFO  [c.c.e.n.h.EthNodeStatus64ExchangeState] - STATUS_EXCHANGE: Local state - bestBlock=12214, genesisHash=ByteString(-44, -27, 103, 64, -8, 118, -82, -8, -64, 16, -72, 106, 64, -43, -11, 103, 69, -95, 24, -48, -112, 106, 52, -26, -102, -20, -116, 13, -79, -53, -113, -93), localForkId=ForkId(0xfc64ec04, Some(1150000))
fukuii-run-003  | 2025-12-03 13:49:17,611 INFO  [c.c.ethereum.forkid.ForkIdValidator] - FORKID_VALIDATION: Validation result: Right(Connect) for remote ForkId(0xbe46d57c, None)
fukuii-run-003  | 2025-12-03 13:49:17,611 INFO  [c.c.e.n.h.EthNodeStatus64ExchangeState] - STATUS_EXCHANGE: ForkId validation result: Connect
fukuii-run-003  | 2025-12-03 13:49:17,612 INFO  [c.c.e.n.h.EthNodeStatus64ExchangeState] - STATUS_EXCHANGE: ForkId validation passed - accepting peer connection (skipping fork block exchange per EIP-2124)
fukuii-run-003  | 2025-12-03 13:49:17,613 INFO  [c.c.e.network.EtcPeerManagerActor] - PEER_HANDSHAKE_SUCCESS: Peer PeerId(55bbc7f0ffa2af2ceca997ec195a98768144a163d389ae87b808dff8a861618405c2582451bbb6022e429e4bcd6b0e895e86160db6e93cdadbcfd80faacf6f06) handshake successful. Capability: ETH68, BestHash: afcf60310c84245dac4610b7e5e9df14adeabb0b017605c738bc3c78a486255f, TotalDifficulty: 21410717367660382505344
fukuii-run-003  | 2025-12-03 13:49:17,614 INFO  [c.c.e.network.EtcPeerManagerActor] - PEER_HANDSHAKE_SUCCESS: Sending GetBlockHeaders to peer PeerId(55bbc7f0ffa2af2ceca997ec195a98768144a163d389ae87b808dff8a861618405c2582451bbb6022e429e4bcd6b0e895e86160db6e93cdadbcfd80faacf6f06) (usesRequestId: true, bestHash: afcf60310c84245dac4610b7e5e9df14adeabb0b017605c738bc3c78a486255f)
fukuii-run-003  | 2025-12-03 13:49:17,615 INFO  [c.c.e.n.rlpx.RLPxConnectionHandler] - SEND_MSG: peer=164.90.144.106:30303, type=GetBlockHeaders, code=0x13, seqNum=2
fukuii-run-003  | 2025-12-03 13:49:17,638 INFO  [c.c.e.n.rlpx.RLPxConnectionHandler] - [RLPx] Auth handshake SUCCESS for peer 157.245.77.211:30303, establishing secure connection
fukuii-run-003  | 2025-12-03 13:49:17,640 INFO  [c.c.e.n.rlpx.RLPxConnectionHandler] - [RLPx] Connection FULLY ESTABLISHED with peer 157.245.77.211:30303, entering handshaked state
fukuii-run-003  | 2025-12-03 13:49:17,641 INFO  [c.c.e.n.rlpx.RLPxConnectionHandler] - SEND_MSG: peer=157.245.77.211:30303, type=Hello, code=0x0, seqNum=0
fukuii-run-003  | 2025-12-03 13:49:17,641 INFO  [c.c.e.n.h.EthNodeStatus64ExchangeState] - STATUS_EXCHANGE: Using bootstrap pivot block 19250000 for ForkId calculation (actual best block: 12214, threshold: 100000)
fukuii-run-003  | 2025-12-03 13:49:17,641 INFO  [c.c.e.n.h.EthNodeStatus64ExchangeState] - STATUS_EXCHANGE: Sending status - protocolVersion=68, networkId=1, totalDifficulty=3766157715026249, bestBlock=12214, bestHash=ByteString(63, -101, -63, -112, -2, 124, -52, 13, 120, -6, -78, -8, 89, 31, 67, 83, 118, -83, 124, -50, 7, 8, -81, 127, 122, 26, -81, -50, -79, 120, -42, 6), genesisHash=ByteString(-44, -27, 103, 64, -8, 118, -82, -8, -64, 16, -72, 106, 64, -43, -11, 103, 69, -95, 24, -48, -112, 106, 52, -26, -102, -20, -116, 13, -79, -53, -113, -93), forkId=ForkId(0xbe46d57c, None)
fukuii-run-003  | 2025-12-03 13:49:17,643 INFO  [c.c.e.n.rlpx.RLPxConnectionHandler] - SEND_MSG: peer=157.245.77.211:30303, type=Status, code=0x10, seqNum=1
fukuii-run-003  | 2025-12-03 13:49:17,705 INFO  [c.c.e.network.EtcPeerManagerActor] - RECV_BLOCKHEADERS: peer=PeerId(55bbc7f0ffa2af2ceca997ec195a98768144a163d389ae87b808dff8a861618405c2582451bbb6022e429e4bcd6b0e895e86160db6e93cdadbcfd80faacf6f06), requestId=5, count=1, blockNumbers=23522468
fukuii-run-003  | 2025-12-03 13:49:17,760 INFO  [c.c.e.network.EtcPeerManagerActor] - RECV_BLOCKHEADERS: peer=PeerId(16264d48df59c3492972d96bf8a39dd38bab165809a3a4bb161859a337de38b2959cc98efea94355c7a7177cd020867c683aed934dbd6bc937d9e6b61d94d8d9), requestId=4, count=1, blockNumbers=23522468
fukuii-run-003  | 2025-12-03 13:49:17,768 INFO  [c.c.e.n.h.EthNodeStatus64ExchangeState] - STATUS_EXCHANGE: Received status from peer - protocolVersion=68, networkId=1, totalDifficulty=21410717367660382505344, bestHash=ByteString(-81, -49, 96, 49, 12, -124, 36, 93, -84, 70, 16, -73, -27, -23, -33, 20, -83, -22, -69, 11, 1, 118, 5, -57, 56, -68, 60, 120, -92, -122, 37, 95), genesisHash=ByteString(-44, -27, 103, 64, -8, 118, -82, -8, -64, 16, -72, 106, 64, -43, -11, 103, 69, -95, 24, -48, -112, 106, 52, -26, -102, -20, -116, 13, -79, -53, -113, -93), forkId=ForkId(0xbe46d57c, None)
fukuii-run-003  | 2025-12-03 13:49:17,769 INFO  [c.c.e.n.h.EthNodeStatus64ExchangeState] - STATUS_EXCHANGE: Local state - bestBlock=12214, genesisHash=ByteString(-44, -27, 103, 64, -8, 118, -82, -8, -64, 16, -72, 106, 64, -43, -11, 103, 69, -95, 24, -48, -112, 106, 52, -26, -102, -20, -116, 13, -79, -53, -113, -93), localForkId=ForkId(0xfc64ec04, Some(1150000))
fukuii-run-003  | 2025-12-03 13:49:17,770 INFO  [c.c.ethereum.forkid.ForkIdValidator] - FORKID_VALIDATION: Validation result: Right(Connect) for remote ForkId(0xbe46d57c, None)
fukuii-run-003  | 2025-12-03 13:49:17,770 INFO  [c.c.e.n.h.EthNodeStatus64ExchangeState] - STATUS_EXCHANGE: ForkId validation result: Connect
fukuii-run-003  | 2025-12-03 13:49:17,770 INFO  [c.c.e.n.h.EthNodeStatus64ExchangeState] - STATUS_EXCHANGE: ForkId validation passed - accepting peer connection (skipping fork block exchange per EIP-2124)
fukuii-run-003  | 2025-12-03 13:49:17,771 INFO  [c.c.e.network.EtcPeerManagerActor] - PEER_HANDSHAKE_SUCCESS: Peer PeerId(6b6ea53a498f0895c10269a3a74b777286bd467de6425c3b512740fcc7fbc8cd281dca4ab041dd97d62b38f3d0b5b05e71f48d28a3a2f4b5de40fe1f6bf05531) handshake successful. Capability: ETH68, BestHash: afcf60310c84245dac4610b7e5e9df14adeabb0b017605c738bc3c78a486255f, TotalDifficulty: 21410717367660382505344
fukuii-run-003  | 2025-12-03 13:49:17,772 INFO  [c.c.e.network.EtcPeerManagerActor] - PEER_HANDSHAKE_SUCCESS: Sending GetBlockHeaders to peer PeerId(6b6ea53a498f0895c10269a3a74b777286bd467de6425c3b512740fcc7fbc8cd281dca4ab041dd97d62b38f3d0b5b05e71f48d28a3a2f4b5de40fe1f6bf05531) (usesRequestId: true, bestHash: afcf60310c84245dac4610b7e5e9df14adeabb0b017605c738bc3c78a486255f)
fukuii-run-003  | 2025-12-03 13:49:17,773 INFO  [c.c.e.n.rlpx.RLPxConnectionHandler] - SEND_MSG: peer=157.245.77.211:30303, type=GetBlockHeaders, code=0x13, seqNum=2
fukuii-run-003  | 2025-12-03 13:49:17,897 INFO  [c.c.e.network.EtcPeerManagerActor] - RECV_BLOCKHEADERS: peer=PeerId(6b6ea53a498f0895c10269a3a74b777286bd467de6425c3b512740fcc7fbc8cd281dca4ab041dd97d62b38f3d0b5b05e71f48d28a3a2f4b5de40fe1f6bf05531), requestId=6, count=1, blockNumbers=23522468
fukuii-run-003  | 2025-12-03 13:49:18,120 INFO  [c.c.e.n.rlpx.RLPxConnectionHandler] - SEND_MSG: peer=64.225.0.245:30303, type=GetAccountRange, code=0x0, seqNum=3
fukuii-run-003  | 2025-12-03 13:49:18,120 INFO  [c.c.e.n.rlpx.RLPxConnectionHandler] - SEND_MSG: peer=164.90.144.106:30303, type=GetAccountRange, code=0x0, seqNum=3fukuii-run-003  | 2025-12-03 13:49:23,221 INFO  [c.c.e.n.rlpx.RLPxConnectionHandler] - SEND_MSG: peer=157.245.77.211:30303, type=GetAccountRange, code=0x0, seqNum=3fukuii-run-003  | 2025-12-03 13:49:32,521 ERROR [c.c.e.n.rlpx.RLPxConnectionHandler] - [Stopping Connection] TCP connection to enode://66498ac935f3f54d873de4719bf2d6d61e0c74dd173b547531325bcef331480f9bedece91099810971c8567eeb1ae9f6954b013c47c6dc51355bbbbae65a8c16@54.148.165.1:30303?discport=30303 failed for peer 54.148.165.1:30303
fukuii-run-003  | 2025-12-03 13:49:32,533 ERROR [c.c.e.n.rlpx.RLPxConnectionHandler] - [Stopping Connection] TCP connection to enode://73e74ce7426a17aa2d8b5bb64d796ec7dc4dcee2af9bbdd4434394d1e4e52e650b9e39202435fca29ce65c242fd6e59b93ed2cf37f04b645fb23e306273816ad@54.148.165.1:30304?discport=30304 failed for peer 54.148.165.1:30304
fukuii-run-003  | 2025-12-03 13:49:32,599 INFO  [c.c.e.b.s.snap.SyncProgressMonitor] - 📈 SNAP Sync Progress: phase=AccountRange, accounts=0@0/s, elapsed=90s
fukuii-run-003  | 2025-12-03 13:49:33,285 INFO  [c.c.e.b.sync.CacheBasedBlacklist] - Blacklisting peer [PeerAddress(64.225.0.245)] for 120000 milliseconds. Reason: Some other reason specific to a subprotocol
fukuii-run-003  | 2025-12-03 13:49:33,343 INFO  [c.c.e.b.sync.CacheBasedBlacklist] - Blacklisting peer [PeerAddress(164.90.144.106)] for 120000 milliseconds. Reason: Some other reason specific to a subprotocol
fukuii-run-003  | 2025-12-03 13:49:38,612 INFO  [c.c.e.b.sync.CacheBasedBlacklist] - Blacklisting peer [PeerAddress(157.245.77.211)] for 120000 milliseconds. Reason: Some other reason specific to a subprotocol
fukuii-run-003  | 2025-12-03 13:49:47,600 ERROR [c.c.e.n.rlpx.RLPxConnectionHandler] - [Stopping Connection] TCP connection to enode://66498ac935f3f54d873de4719bf2d6d61e0c74dd173b547531325bcef331480f9bedece91099810971c8567eeb1ae9f6954b013c47c6dc51355bbbbae65a8c16@54.148.165.1:30303?discport=30303 failed for peer 54.148.165.1:30303
fukuii-run-003  | 2025-12-03 13:49:47,600 INFO  [c.c.e.b.sync.CacheBasedBlacklist] - Blacklisting peer [PeerAddress(54.148.165.1)] for 120000 milliseconds. Reason: Some other reason specific to a subprotocol
fukuii-run-003  | 2025-12-03 13:49:47,610 ERROR [c.c.e.n.rlpx.RLPxConnectionHandler] - [Stopping Connection] TCP connection to enode://73e74ce7426a17aa2d8b5bb64d796ec7dc4dcee2af9bbdd4434394d1e4e52e650b9e39202435fca29ce65c242fd6e59b93ed2cf37f04b645fb23e306273816ad@54.148.165.1:30304?discport=30304 failed for peer 54.148.165.1:30304
fukuii-run-003  | 2025-12-03 13:49:47,610 INFO  [c.c.e.b.sync.CacheBasedBlacklist] - Blacklisting peer [PeerAddress(54.148.165.1)] for 120000 milliseconds. Reason: Some other reason specific to a subprotocol
fukuii-run-003  | 2025-12-03 13:49:48,139 WARN  [c.c.e.b.sync.snap.SNAPRequestTracker] - SNAP request GetAccountRange timeout for request ID 17 from peer PeerId(16264d48df59c3492972d96bf8a39dd38bab165809a3a4bb161859a337de38b2959cc98efea94355c7a7177cd020867c683aed934dbd6bc937d9e6b61d94d8d9)
fukuii-run-003  | 2025-12-03 13:49:48,140 WARN  [c.c.e.b.s.s.AccountRangeDownloader] - Account range request timeout for range [00000000...10000000]
fukuii-run-003  | 2025-12-03 13:49:48,140 WARN  [c.c.e.b.sync.snap.SNAPRequestTracker] - SNAP request GetAccountRange timeout for request ID 18 from peer PeerId(55bbc7f0ffa2af2ceca997ec195a98768144a163d389ae87b808dff8a861618405c2582451bbb6022e429e4bcd6b0e895e86160db6e93cdadbcfd80faacf6f06)
fukuii-run-003  | 2025-12-03 13:49:48,141 WARN  [c.c.e.b.s.s.AccountRangeDownloader] - Account range request timeout for range [20000000...30000000]
fukuii-run-003  | 2025-12-03 13:49:49,159 WARN  [c.c.e.b.sync.snap.SNAPRequestTracker] - SNAP request GetAccountRange timeout for request ID 19 from peer PeerId(16264d48df59c3492972d96bf8a39dd38bab165809a3a4bb161859a337de38b2959cc98efea94355c7a7177cd020867c683aed934dbd6bc937d9e6b61d94d8d9)
fukuii-run-003  | 2025-12-03 13:49:49,159 WARN  [c.c.e.b.s.s.AccountRangeDownloader] - Account range request timeout for range [10000000...20000000]
fukuii-run-003  | 2025-12-03 13:49:49,160 WARN  [c.c.e.b.sync.snap.SNAPRequestTracker] - SNAP request GetAccountRange timeout for request ID 20 from peer PeerId(55bbc7f0ffa2af2ceca997ec195a98768144a163d389ae87b808dff8a861618405c2582451bbb6022e429e4bcd6b0e895e86160db6e93cdadbcfd80faacf6f06)
fukuii-run-003  | 2025-12-03 13:49:49,161 WARN  [c.c.e.b.s.s.AccountRangeDownloader] - Account range request timeout for range [30000000...40000000]
fukuii-run-003  | 2025-12-03 13:49:50,178 WARN  [c.c.e.b.sync.snap.SNAPRequestTracker] - SNAP request GetAccountRange timeout for request ID 21 from peer PeerId(16264d48df59c3492972d96bf8a39dd38bab165809a3a4bb161859a337de38b2959cc98efea94355c7a7177cd020867c683aed934dbd6bc937d9e6b61d94d8d9)
fukuii-run-003  | 2025-12-03 13:49:50,179 WARN  [c.c.e.b.s.s.AccountRangeDownloader] - Account range request timeout for range [50000000...60000000]
fukuii-run-003  | 2025-12-03 13:49:50,180 WARN  [c.c.e.b.sync.snap.SNAPRequestTracker] - SNAP request GetAccountRange timeout for request ID 22 from peer PeerId(55bbc7f0ffa2af2ceca997ec195a98768144a163d389ae87b808dff8a861618405c2582451bbb6022e429e4bcd6b0e895e86160db6e93cdadbcfd80faacf6f06)
fukuii-run-003  | 2025-12-03 13:49:50,180 WARN  [c.c.e.b.s.s.AccountRangeDownloader] - Account range request timeout for range [40000000...50000000]
fukuii-run-003  | 2025-12-03 13:49:51,199 WARN  [c.c.e.b.sync.snap.SNAPRequestTracker] - SNAP request GetAccountRange timeout for request ID 23 from peer PeerId(16264d48df59c3492972d96bf8a39dd38bab165809a3a4bb161859a337de38b2959cc98efea94355c7a7177cd020867c683aed934dbd6bc937d9e6b61d94d8d9)
fukuii-run-003  | 2025-12-03 13:49:51,199 WARN  [c.c.e.b.s.s.AccountRangeDownloader] - Account range request timeout for range [60000000...70000000]
fukuii-run-003  | 2025-12-03 13:49:51,200 WARN  [c.c.e.b.sync.snap.SNAPRequestTracker] - SNAP request GetAccountRange timeout for request ID 24 from peer PeerId(55bbc7f0ffa2af2ceca997ec195a98768144a163d389ae87b808dff8a861618405c2582451bbb6022e429e4bcd6b0e895e86160db6e93cdadbcfd80faacf6f06)
fukuii-run-003  | 2025-12-03 13:49:51,200 WARN  [c.c.e.b.s.s.AccountRangeDownloader] - Account range request timeout for range [80000000...90000000]
fukuii-run-003  | 2025-12-03 13:49:52,219 WARN  [c.c.e.b.sync.snap.SNAPRequestTracker] - SNAP request GetAccountRange timeout for request ID 25 from peer PeerId(16264d48df59c3492972d96bf8a39dd38bab165809a3a4bb161859a337de38b2959cc98efea94355c7a7177cd020867c683aed934dbd6bc937d9e6b61d94d8d9)
fukuii-run-003  | 2025-12-03 13:49:52,219 WARN  [c.c.e.b.s.s.AccountRangeDownloader] - Account range request timeout for range [70000000...80000000]
fukuii-run-003  | 2025-12-03 13:49:52,220 WARN  [c.c.e.b.sync.snap.SNAPRequestTracker] - SNAP request GetAccountRange timeout for request ID 26 from peer PeerId(55bbc7f0ffa2af2ceca997ec195a98768144a163d389ae87b808dff8a861618405c2582451bbb6022e429e4bcd6b0e895e86160db6e93cdadbcfd80faacf6f06)
fukuii-run-003  | 2025-12-03 13:49:52,220 WARN  [c.c.e.b.s.s.AccountRangeDownloader] - Account range request timeout for range [90000000...a0000000]
fukuii-run-003  | 2025-12-03 13:49:53,238 WARN  [c.c.e.b.sync.snap.SNAPRequestTracker] - SNAP request GetAccountRange timeout for request ID 27 from peer PeerId(16264d48df59c3492972d96bf8a39dd38bab165809a3a4bb161859a337de38b2959cc98efea94355c7a7177cd020867c683aed934dbd6bc937d9e6b61d94d8d9)
fukuii-run-003  | 2025-12-03 13:49:53,239 WARN  [c.c.e.b.s.s.AccountRangeDownloader] - Account range request timeout for range [b0000000...c0000000]
fukuii-run-003  | 2025-12-03 13:49:53,239 WARN  [c.c.e.b.sync.snap.SNAPRequestTracker] - SNAP request GetAccountRange timeout for request ID 28 from peer PeerId(55bbc7f0ffa2af2ceca997ec195a98768144a163d389ae87b808dff8a861618405c2582451bbb6022e429e4bcd6b0e895e86160db6e93cdadbcfd80faacf6f06)
fukuii-run-003  | 2025-12-03 13:49:53,240 WARN  [c.c.e.b.s.s.AccountRangeDownloader] - Account range request timeout for range [a0000000...b0000000]
fukuii-run-003  | 2025-12-03 13:49:53,240 WARN  [c.c.e.b.sync.snap.SNAPRequestTracker] - SNAP request GetAccountRange timeout for request ID 29 from peer PeerId(6b6ea53a498f0895c10269a3a74b777286bd467de6425c3b512740fcc7fbc8cd281dca4ab041dd97d62b38f3d0b5b05e71f48d28a3a2f4b5de40fe1f6bf05531)
fukuii-run-003  | 2025-12-03 13:49:53,241 WARN  [c.c.e.b.s.s.AccountRangeDownloader] - Account range request timeout for range [c0000000...d0000000]
fukuii-run-003  | 2025-12-03 13:49:54,258 WARN  [c.c.e.b.sync.snap.SNAPRequestTracker] - SNAP request GetAccountRange timeout for request ID 30 from peer PeerId(16264d48df59c3492972d96bf8a39dd38bab165809a3a4bb161859a337de38b2959cc98efea94355c7a7177cd020867c683aed934dbd6bc937d9e6b61d94d8d9)
fukuii-run-003  | 2025-12-03 13:49:54,259 WARN  [c.c.e.b.s.s.AccountRangeDownloader] - Account range request timeout for range [e0000000...f0000000]
fukuii-run-003  | 2025-12-03 13:49:54,260 WARN  [c.c.e.b.sync.snap.SNAPRequestTracker] - SNAP request GetAccountRange timeout for request ID 32 from peer PeerId(6b6ea53a498f0895c10269a3a74b777286bd467de6425c3b512740fcc7fbc8cd281dca4ab041dd97d62b38f3d0b5b05e71f48d28a3a2f4b5de40fe1f6bf05531)
fukuii-run-003  | 2025-12-03 13:49:54,260 WARN  [c.c.e.b.s.s.AccountRangeDownloader] - Account range request timeout for range [f0000000...ffffffff]
fukuii-run-003  | 2025-12-03 13:49:54,261 WARN  [c.c.e.b.sync.snap.SNAPRequestTracker] - SNAP request GetAccountRange timeout for request ID 31 from peer PeerId(55bbc7f0ffa2af2ceca997ec195a98768144a163d389ae87b808dff8a861618405c2582451bbb6022e429e4bcd6b0e895e86160db6e93cdadbcfd80faacf6f06)
fukuii-run-003  | 2025-12-03 13:49:54,263 WARN  [c.c.e.b.s.s.AccountRangeDownloader] - Account range request timeout for range [d0000000...e0000000]
fukuii-run-003  | 2025-12-03 13:50:02,599 INFO  [c.c.e.b.s.snap.SyncProgressMonitor] - 📈 SNAP Sync Progress: phase=AccountRange, accounts=0@0/s, elapsed=120s
^Nfukuii-run-003  | 2025-12-03 13:50:17,379 INFO  [c.c.e.network.PeerManagerActor] - Total number of discovered nodes 29. Total number of connection attempts 29, blacklisted 0 nodes. Handshaked 0/80, pending connection attempts 24. Trying to connect to 5 more nodes.
fukuii-run-003  | 2025-12-03 13:50:17,453 ERROR [c.c.e.n.rlpx.RLPxConnectionHandler] - [Stopping Connection] TCP connection to enode://73e74ce7426a17aa2d8b5bb64d796ec7dc4dcee2af9bbdd4434394d1e4e52e650b9e39202435fca29ce65c242fd6e59b93ed2cf37f04b645fb23e306273816ad@54.148.165.1:30304?discport=30304 failed for peer 54.148.165.1:30304
fukuii-run-003  | 2025-12-03 13:50:17,457 ERROR [c.c.e.n.rlpx.RLPxConnectionHandler] - [Stopping Connection] TCP connection to enode://66498ac935f3f54d873de4719bf2d6d61e0c74dd173b547531325bcef331480f9bedece91099810971c8567eeb1ae9f6954b013c47c6dc51355bbbbae65a8c16@54.148.165.1:30303?discport=30303 failed for peer 54.148.165.1:30303
fukuii-run-003  | 2025-12-03 13:50:17,508 INFO  [c.c.e.n.rlpx.RLPxConnectionHandler] - [RLPx] Auth handshake SUCCESS for peer 64.225.0.245:30303, establishing secure connection
fukuii-run-003  | 2025-12-03 13:50:17,511 INFO  [c.c.e.n.h.EthNodeStatus64ExchangeState] - STATUS_EXCHANGE: Using bootstrap pivot block 19250000 for ForkId calculation (actual best block: 12214, threshold: 100000)
fukuii-run-003  | 2025-12-03 13:50:17,511 INFO  [c.c.e.n.rlpx.RLPxConnectionHandler] - [RLPx] Connection FULLY ESTABLISHED with peer 64.225.0.245:30303, entering handshaked state
fukuii-run-003  | 2025-12-03 13:50:17,512 INFO  [c.c.e.n.rlpx.RLPxConnectionHandler] - SEND_MSG: peer=64.225.0.245:30303, type=Hello, code=0x0, seqNum=0
fukuii-run-003  | 2025-12-03 13:50:17,512 INFO  [c.c.e.n.h.EthNodeStatus64ExchangeState] - STATUS_EXCHANGE: Sending status - protocolVersion=68, networkId=1, totalDifficulty=3766157715026249, bestBlock=12214, bestHash=ByteString(63, -101, -63, -112, -2, 124, -52, 13, 120, -6, -78, -8, 89, 31, 67, 83, 118, -83, 124, -50, 7, 8, -81, 127, 122, 26, -81, -50, -79, 120, -42, 6), genesisHash=ByteString(-44, -27, 103, 64, -8, 118, -82, -8, -64, 16, -72, 106, 64, -43, -11, 103, 69, -95, 24, -48, -112, 106, 52, -26, -102, -20, -116, 13, -79, -53, -113, -93), forkId=ForkId(0xbe46d57c, None)
fukuii-run-003  | 2025-12-03 13:50:17,514 INFO  [c.c.e.n.rlpx.RLPxConnectionHandler] - SEND_MSG: peer=64.225.0.245:30303, type=Status, code=0x10, seqNum=1
fukuii-run-003  | 2025-12-03 13:50:17,545 INFO  [c.c.e.n.rlpx.RLPxConnectionHandler] - [RLPx] Auth handshake SUCCESS for peer 164.90.144.106:30303, establishing secure connection
fukuii-run-003  | 2025-12-03 13:50:17,545 INFO  [c.c.e.n.rlpx.RLPxConnectionHandler] - [RLPx] Connection FULLY ESTABLISHED with peer 164.90.144.106:30303, entering handshaked state
fukuii-run-003  | 2025-12-03 13:50:17,546 INFO  [c.c.e.n.rlpx.RLPxConnectionHandler] - SEND_MSG: peer=164.90.144.106:30303, type=Hello, code=0x0, seqNum=0
fukuii-run-003  | 2025-12-03 13:50:17,546 INFO  [c.c.e.n.h.EthNodeStatus64ExchangeState] - STATUS_EXCHANGE: Using bootstrap pivot block 19250000 for ForkId calculation (actual best block: 12214, threshold: 100000)
fukuii-run-003  | 2025-12-03 13:50:17,546 INFO  [c.c.e.n.h.EthNodeStatus64ExchangeState] - STATUS_EXCHANGE: Sending status - protocolVersion=68, networkId=1, totalDifficulty=3766157715026249, bestBlock=12214, bestHash=ByteString(63, -101, -63, -112, -2, 124, -52, 13, 120, -6, -78, -8, 89, 31, 67, 83, 118, -83, 124, -50, 7, 8, -81, 127, 122, 26, -81, -50, -79, 120, -42, 6), genesisHash=ByteString(-44, -27, 103, 64, -8, 118, -82, -8, -64, 16, -72, 106, 64, -43, -11, 103, 69, -95, 24, -48, -112, 106, 52, -26, -102, -20, -116, 13, -79, -53, -113, -93), forkId=ForkId(0xbe46d57c, None)
fukuii-run-003  | 2025-12-03 13:50:17,547 INFO  [c.c.e.n.rlpx.RLPxConnectionHandler] - SEND_MSG: peer=164.90.144.106:30303, type=Status, code=0x10, seqNum=1
fukuii-run-003  | 2025-12-03 13:50:17,559 INFO  [c.c.e.n.h.EthNodeStatus64ExchangeState] - STATUS_EXCHANGE: Received status from peer - protocolVersion=68, networkId=1, totalDifficulty=21410725088771656119731, bestHash=ByteString(112, 46, -114, 74, 126, -57, 75, -39, -114, 46, -21, 62, 79, 35, 59, -127, -25, 122, -9, -82, 98, 55, 59, 75, -23, -80, 96, 56, 94, 37, -3, 22), genesisHash=ByteString(-44, -27, 103, 64, -8, 118, -82, -8, -64, 16, -72, 106, 64, -43, -11, 103, 69, -95, 24, -48, -112, 106, 52, -26, -102, -20, -116, 13, -79, -53, -113, -93), forkId=ForkId(0xbe46d57c, None)
fukuii-run-003  | 2025-12-03 13:50:17,560 INFO  [c.c.e.n.h.EthNodeStatus64ExchangeState] - STATUS_EXCHANGE: Local state - bestBlock=12214, genesisHash=ByteString(-44, -27, 103, 64, -8, 118, -82, -8, -64, 16, -72, 106, 64, -43, -11, 103, 69, -95, 24, -48, -112, 106, 52, -26, -102, -20, -116, 13, -79, -53, -113, -93), localForkId=ForkId(0xfc64ec04, Some(1150000))
fukuii-run-003  | 2025-12-03 13:50:17,561 INFO  [c.c.ethereum.forkid.ForkIdValidator] - FORKID_VALIDATION: Validation result: Right(Connect) for remote ForkId(0xbe46d57c, None)
fukuii-run-003  | 2025-12-03 13:50:17,561 INFO  [c.c.e.n.h.EthNodeStatus64ExchangeState] - STATUS_EXCHANGE: ForkId validation result: Connect
fukuii-run-003  | 2025-12-03 13:50:17,561 INFO  [c.c.e.n.h.EthNodeStatus64ExchangeState] - STATUS_EXCHANGE: ForkId validation passed - accepting peer connection (skipping fork block exchange per EIP-2124)
fukuii-run-003  | 2025-12-03 13:50:17,561 INFO  [c.c.e.network.EtcPeerManagerActor] - PEER_HANDSHAKE_SUCCESS: Peer PeerId(16264d48df59c3492972d96bf8a39dd38bab165809a3a4bb161859a337de38b2959cc98efea94355c7a7177cd020867c683aed934dbd6bc937d9e6b61d94d8d9) handshake successful. Capability: ETH68, BestHash: 702e8e4a7ec74bd98e2eeb3e4f233b81e77af7ae62373b4be9b060385e25fd16, TotalDifficulty: 21410725088771656119731
fukuii-run-003  | 2025-12-03 13:50:17,562 INFO  [c.c.e.network.EtcPeerManagerActor] - PEER_HANDSHAKE_SUCCESS: Sending GetBlockHeaders to peer PeerId(16264d48df59c3492972d96bf8a39dd38bab165809a3a4bb161859a337de38b2959cc98efea94355c7a7177cd020867c683aed934dbd6bc937d9e6b61d94d8d9) (usesRequestId: true, bestHash: 702e8e4a7ec74bd98e2eeb3e4f233b81e77af7ae62373b4be9b060385e25fd16)
fukuii-run-003  | 2025-12-03 13:50:17,562 INFO  [c.c.e.n.rlpx.RLPxConnectionHandler] - SEND_MSG: peer=64.225.0.245:30303, type=GetBlockHeaders, code=0x13, seqNum=2
fukuii-run-003  | 2025-12-03 13:50:17,613 INFO  [c.c.e.n.h.EthNodeStatus64ExchangeState] - STATUS_EXCHANGE: Received status from peer - protocolVersion=68, networkId=1, totalDifficulty=21410725088771656119731, bestHash=ByteString(112, 46, -114, 74, 126, -57, 75, -39, -114, 46, -21, 62, 79, 35, 59, -127, -25, 122, -9, -82, 98, 55, 59, 75, -23, -80, 96, 56, 94, 37, -3, 22), genesisHash=ByteString(-44, -27, 103, 64, -8, 118, -82, -8, -64, 16, -72, 106, 64, -43, -11, 103, 69, -95, 24, -48, -112, 106, 52, -26, -102, -20, -116, 13, -79, -53, -113, -93), forkId=ForkId(0xbe46d57c, None)
fukuii-run-003  | 2025-12-03 13:50:17,614 INFO  [c.c.e.n.h.EthNodeStatus64ExchangeState] - STATUS_EXCHANGE: Local state - bestBlock=12214, genesisHash=ByteString(-44, -27, 103, 64, -8, 118, -82, -8, -64, 16, -72, 106, 64, -43, -11, 103, 69, -95, 24, -48, -112, 106, 52, -26, -102, -20, -116, 13, -79, -53, -113, -93), localForkId=ForkId(0xfc64ec04, Some(1150000))
fukuii-run-003  | 2025-12-03 13:50:17,616 INFO  [c.c.ethereum.forkid.ForkIdValidator] - FORKID_VALIDATION: Validation result: Right(Connect) for remote ForkId(0xbe46d57c, None)
fukuii-run-003  | 2025-12-03 13:50:17,616 INFO  [c.c.e.n.h.EthNodeStatus64ExchangeState] - STATUS_EXCHANGE: ForkId validation result: Connect
fukuii-run-003  | 2025-12-03 13:50:17,616 INFO  [c.c.e.n.h.EthNodeStatus64ExchangeState] - STATUS_EXCHANGE: ForkId validation passed - accepting peer connection (skipping fork block exchange per EIP-2124)
fukuii-run-003  | 2025-12-03 13:50:17,617 INFO  [c.c.e.network.EtcPeerManagerActor] - PEER_HANDSHAKE_SUCCESS: Peer PeerId(55bbc7f0ffa2af2ceca997ec195a98768144a163d389ae87b808dff8a861618405c2582451bbb6022e429e4bcd6b0e895e86160db6e93cdadbcfd80faacf6f06) handshake successful. Capability: ETH68, BestHash: 702e8e4a7ec74bd98e2eeb3e4f233b81e77af7ae62373b4be9b060385e25fd16, TotalDifficulty: 21410725088771656119731
fukuii-run-003  | 2025-12-03 13:50:17,617 INFO  [c.c.e.network.EtcPeerManagerActor] - PEER_HANDSHAKE_SUCCESS: Sending GetBlockHeaders to peer PeerId(55bbc7f0ffa2af2ceca997ec195a98768144a163d389ae87b808dff8a861618405c2582451bbb6022e429e4bcd6b0e895e86160db6e93cdadbcfd80faacf6f06) (usesRequestId: true, bestHash: 702e8e4a7ec74bd98e2eeb3e4f233b81e77af7ae62373b4be9b060385e25fd16)
fukuii-run-003  | 2025-12-03 13:50:17,618 INFO  [c.c.e.n.rlpx.RLPxConnectionHandler] - SEND_MSG: peer=164.90.144.106:30303, type=GetBlockHeaders, code=0x13, seqNum=2
fukuii-run-003  | 2025-12-03 13:50:17,655 INFO  [c.c.e.n.rlpx.RLPxConnectionHandler] - [RLPx] Auth handshake SUCCESS for peer 157.245.77.211:30303, establishing secure connection
fukuii-run-003  | 2025-12-03 13:50:17,655 WARN  [c.c.e.n.rlpx.RLPxConnectionHandler] - [RLPx] Did not find 'Hello' in message from peer 157.245.77.211:30303, continuing to await
fukuii-run-003  | 2025-12-03 13:50:17,657 INFO  [c.c.e.n.rlpx.RLPxConnectionHandler] - [RLPx] Connection FULLY ESTABLISHED with peer 157.245.77.211:30303, entering handshaked state
fukuii-run-003  | 2025-12-03 13:50:17,659 INFO  [c.c.e.n.h.EthNodeStatus64ExchangeState] - STATUS_EXCHANGE: Using bootstrap pivot block 19250000 for ForkId calculation (actual best block: 12214, threshold: 100000)
fukuii-run-003  | 2025-12-03 13:50:17,659 INFO  [c.c.e.n.rlpx.RLPxConnectionHandler] - SEND_MSG: peer=157.245.77.211:30303, type=Hello, code=0x0, seqNum=0
fukuii-run-003  | 2025-12-03 13:50:17,661 INFO  [c.c.e.n.h.EthNodeStatus64ExchangeState] - STATUS_EXCHANGE: Sending status - protocolVersion=68, networkId=1, totalDifficulty=3766157715026249, bestBlock=12214, bestHash=ByteString(63, -101, -63, -112, -2, 124, -52, 13, 120, -6, -78, -8, 89, 31, 67, 83, 118, -83, 124, -50, 7, 8, -81, 127, 122, 26, -81, -50, -79, 120, -42, 6), genesisHash=ByteString(-44, -27, 103, 64, -8, 118, -82, -8, -64, 16, -72, 106, 64, -43, -11, 103, 69, -95, 24, -48, -112, 106, 52, -26, -102, -20, -116, 13, -79, -53, -113, -93), forkId=ForkId(0xbe46d57c, None)
fukuii-run-003  | 2025-12-03 13:50:17,664 INFO  [c.c.e.n.rlpx.RLPxConnectionHandler] - SEND_MSG: peer=157.245.77.211:30303, type=Status, code=0x10, seqNum=1
fukuii-run-003  | 2025-12-03 13:50:17,713 INFO  [c.c.e.network.EtcPeerManagerActor] - RECV_BLOCKHEADERS: peer=PeerId(55bbc7f0ffa2af2ceca997ec195a98768144a163d389ae87b808dff8a861618405c2582451bbb6022e429e4bcd6b0e895e86160db6e93cdadbcfd80faacf6f06), requestId=8, count=1, blockNumbers=23522470
fukuii-run-003  | 2025-12-03 13:50:17,715 INFO  [c.c.e.network.EtcPeerManagerActor] - RECV_BLOCKHEADERS: peer=PeerId(16264d48df59c3492972d96bf8a39dd38bab165809a3a4bb161859a337de38b2959cc98efea94355c7a7177cd020867c683aed934dbd6bc937d9e6b61d94d8d9), requestId=7, count=1, blockNumbers=23522470
fukuii-run-003  | 2025-12-03 13:50:17,789 INFO  [c.c.e.n.h.EthNodeStatus64ExchangeState] - STATUS_EXCHANGE: Received status from peer - protocolVersion=68, networkId=1, totalDifficulty=21410725088771656119731, bestHash=ByteString(112, 46, -114, 74, 126, -57, 75, -39, -114, 46, -21, 62, 79, 35, 59, -127, -25, 122, -9, -82, 98, 55, 59, 75, -23, -80, 96, 56, 94, 37, -3, 22), genesisHash=ByteString(-44, -27, 103, 64, -8, 118, -82, -8, -64, 16, -72, 106, 64, -43, -11, 103, 69, -95, 24, -48, -112, 106, 52, -26, -102, -20, -116, 13, -79, -53, -113, -93), forkId=ForkId(0xbe46d57c, None)
fukuii-run-003  | 2025-12-03 13:50:17,790 INFO  [c.c.e.n.h.EthNodeStatus64ExchangeState] - STATUS_EXCHANGE: Local state - bestBlock=12214, genesisHash=ByteString(-44, -27, 103, 64, -8, 118, -82, -8, -64, 16, -72, 106, 64, -43, -11, 103, 69, -95, 24, -48, -112, 106, 52, -26, -102, -20, -116, 13, -79, -53, -113, -93), localForkId=ForkId(0xfc64ec04, Some(1150000))
fukuii-run-003  | 2025-12-03 13:50:17,791 INFO  [c.c.ethereum.forkid.ForkIdValidator] - FORKID_VALIDATION: Validation result: Right(Connect) for remote ForkId(0xbe46d57c, None)
fukuii-run-003  | 2025-12-03 13:50:17,791 INFO  [c.c.e.n.h.EthNodeStatus64ExchangeState] - STATUS_EXCHANGE: ForkId validation result: Connect
fukuii-run-003  | 2025-12-03 13:50:17,791 INFO  [c.c.e.n.h.EthNodeStatus64ExchangeState] - STATUS_EXCHANGE: ForkId validation passed - accepting peer connection (skipping fork block exchange per EIP-2124)
fukuii-run-003  | 2025-12-03 13:50:17,792 INFO  [c.c.e.network.EtcPeerManagerActor] - PEER_HANDSHAKE_SUCCESS: Peer PeerId(6b6ea53a498f0895c10269a3a74b777286bd467de6425c3b512740fcc7fbc8cd281dca4ab041dd97d62b38f3d0b5b05e71f48d28a3a2f4b5de40fe1f6bf05531) handshake successful. Capability: ETH68, BestHash: 702e8e4a7ec74bd98e2eeb3e4f233b81e77af7ae62373b4be9b060385e25fd16, TotalDifficulty: 21410725088771656119731
fukuii-run-003  | 2025-12-03 13:50:17,792 INFO  [c.c.e.network.EtcPeerManagerActor] - PEER_HANDSHAKE_SUCCESS: Sending GetBlockHeaders to peer PeerId(6b6ea53a498f0895c10269a3a74b777286bd467de6425c3b512740fcc7fbc8cd281dca4ab041dd97d62b38f3d0b5b05e71f48d28a3a2f4b5de40fe1f6bf05531) (usesRequestId: true, bestHash: 702e8e4a7ec74bd98e2eeb3e4f233b81e77af7ae62373b4be9b060385e25fd16)
fukuii-run-003  | 2025-12-03 13:50:17,793 INFO  [c.c.e.n.rlpx.RLPxConnectionHandler] - SEND_MSG: peer=157.245.77.211:30303, type=GetBlockHeaders, code=0x13, seqNum=2
fukuii-run-003  | 2025-12-03 13:50:17,921 INFO  [c.c.e.network.EtcPeerManagerActor] - RECV_BLOCKHEADERS: peer=PeerId(6b6ea53a498f0895c10269a3a74b777286bd467de6425c3b512740fcc7fbc8cd281dca4ab041dd97d62b38f3d0b5b05e71f48d28a3a2f4b5de40fe1f6bf05531), requestId=9, count=1, blockNumbers=23522470
fukuii-run-003  | 2025-12-03 13:50:18,301 INFO  [c.c.e.n.rlpx.RLPxConnectionHandler] - SEND_MSG: peer=64.225.0.245:30303, type=GetAccountRange, code=0x0, seqNum=3
fukuii-run-003  | 2025-12-03 13:50:18,301 INFO  [c.c.e.n.rlpx.RLPxConnectionHandler] - SEND_MSG: peer=164.90.144.106:30303, type=GetAccountRange, code=0x0, seqNum=3fukuii-run-003  | 2025-12-03 13:50:18,302 INFO  [c.c.e.n.rlpx.RLPxConnectionHandler] - SEND_MSG: peer=157.245.77.211:30303, type=GetAccountRange, code=0x0, seqNum=3^C
dontpanic@chipprbots:/chipprbots/blockchain/fukuii/ops/run-003$